  clew.c
  b3GpuGridBroadphase.cpp
  b3GpuParallelLinearBvh.cpp
  b3GpuParallelLinearBvhBroadphase.cpp
  b3GpuSapBroadphase.cpp
  b3OpenCLUtils.cpp
  b3ContactCache.cpp
  b3ConvexHullContact.cpp
  b3GjkEpa.cpp
  b3GjkPairDetector.cpp
..\..\src\Bullet3OpenCL\BroadphaseCollision\b3GpuGridBroadphase.cpp(282): warning C4018: '<' : signed/unsigned mismatch
  b3OptimizedBvh.cpp
C:\BNU\Modules\CO667 Game Engine Development\Merlin\libraries\bullet3-2.83.6\src\Bullet3Collision/NarrowPhaseCollision/shared/b3NewContactReduction.h(155): warning C4244: '=' : conversion from 'float' to 'unsigned short', possible loss of data (..\..\src\Bullet3OpenCL\NarrowphaseCollision\b3ConvexHullContact.cpp)
C:\BNU\Modules\CO667 Game Engine Development\Merlin\libraries\bullet3-2.83.6\src\Bullet3Collision/NarrowPhaseCollision/shared/b3NewContactReduction.h(182): warning C4244: '=' : conversion from 'int' to 'float', possible loss of data (..\..\src\Bullet3OpenCL\NarrowphaseCollision\b3ConvexHullContact.cpp)
  b3QuantizedBvh.cpp
  b3StridingMeshInterface.cpp
  b3TriangleCallback.cpp
  b3TriangleIndexVertexArray.cpp
..\..\src\Bullet3OpenCL\NarrowphaseCollision\b3ConvexHullContact.cpp(695): warning C4101: 'edgeBend' : unreferenced local variable
..\..\src\Bullet3OpenCL\NarrowphaseCollision\b3ConvexHullContact.cpp(695): warning C4101: 'edgeAend' : unreferenced local variable
..\..\src\Bullet3OpenCL\NarrowphaseCollision\b3ConvexHullContact.cpp(695): warning C4101: 'edgeAstart' : unreferenced local variable
..\..\src\Bullet3OpenCL\NarrowphaseCollision\b3ConvexHullContact.cpp(695): warning C4101: 'edgeBstart' : unreferenced local variable
  b3VoronoiSimplexSolver.cpp
..\..\src\Bullet3OpenCL\NarrowphaseCollision\b3ConvexHullContact.cpp(1295): warning C4101: 'centerOut' : unreferenced local variable
..\..\src\Bullet3OpenCL\NarrowphaseCollision\b3ConvexHullContact.cpp(2106): warning C4244: '=' : conversion from 'float' to 'unsigned short', possible loss of data
  b3BoundSearchCL.cpp
  b3FillCL.cpp
  b3LauncherCL.cpp
..\..\src\Bullet3OpenCL\NarrowphaseCollision\b3ConvexHullContact.cpp(2781): warning C4101: 'contactsOut' : unreferenced local variable
..\..\src\Bullet3OpenCL\NarrowphaseCollision\b3QuantizedBvh.cpp(622): warning C4101: 'normal' : unreferenced local variable
  b3PrefixScanCL.cpp
  b3PrefixScanFloat4CL.cpp
  b3RadixSort32CL.cpp
..\..\src\Bullet3OpenCL\ParallelPrimitives\b3BoundSearchCL.cpp(112): warning C4018: '<=' : signed/unsigned mismatch
..\..\src\Bullet3OpenCL\ParallelPrimitives\b3BoundSearchCL.cpp(113): warning C4018: '<=' : signed/unsigned mismatch
  b3GpuRaycast.cpp
  b3GpuGenericConstraint.cpp
  b3GpuJacobiContactSolver.cpp
  b3GpuNarrowPhase.cpp
  b3GpuPgsConstraintSolver.cpp
  b3GpuPgsContactSolver.cpp
  b3GpuRigidBodyPipeline.cpp
  b3Solver.cpp
..\..\src\Bullet3OpenCL\Raycast\b3GpuRaycast.cpp(314): warning C4018: '>' : signed/unsigned mismatch
..\..\src\Bullet3OpenCL\RigidBody\b3GpuJacobiContactSolver.cpp(565): warning C4018: '<' : signed/unsigned mismatch
..\..\src\Bullet3OpenCL\RigidBody\b3GpuRigidBodyPipeline.cpp(68): warning C4316: 'b3GpuRigidBodyPipelineInternalData' : object allocated on the heap may not be aligned 16
  Bullet3OpenCL_clew.vcxproj -> C:\BNU\Modules\CO667 Game Engine Development\Merlin\libraries\bullet3-2.83.6\build3\vs2010\..\..\bin\Bullet3OpenCL_clew_vs2010_debug.lib
