c:\bnu\modules\co667 game engine development\merlin\libraries\bullet3-2.83.6\bin\bullet3opencl_clew_vs2010_debug.pdb
c:\bnu\modules\co667 game engine development\merlin\libraries\bullet3-2.83.6\build3\vs2010\obj\x32\debug\bullet3opencl_clew\clew.obj
c:\bnu\modules\co667 game engine development\merlin\libraries\bullet3-2.83.6\build3\vs2010\obj\x32\debug\bullet3opencl_clew\b3contactcache.obj
c:\bnu\modules\co667 game engine development\merlin\libraries\bullet3-2.83.6\build3\vs2010\obj\x32\debug\bullet3opencl_clew\b3gjkpairdetector.obj
c:\bnu\modules\co667 game engine development\merlin\libraries\bullet3-2.83.6\build3\vs2010\obj\x32\debug\bullet3opencl_clew\b3optimizedbvh.obj
c:\bnu\modules\co667 game engine development\merlin\libraries\bullet3-2.83.6\build3\vs2010\obj\x32\debug\bullet3opencl_clew\b3gpuraycast.obj
c:\bnu\modules\co667 game engine development\merlin\libraries\bullet3-2.83.6\build3\vs2010\obj\x32\debug\bullet3opencl_clew\b3gpugridbroadphase.obj
c:\bnu\modules\co667 game engine development\merlin\libraries\bullet3-2.83.6\build3\vs2010\obj\x32\debug\bullet3opencl_clew\b3stridingmeshinterface.obj
c:\bnu\modules\co667 game engine development\merlin\libraries\bullet3-2.83.6\build3\vs2010\obj\x32\debug\bullet3opencl_clew\b3fillcl.obj
c:\bnu\modules\co667 game engine development\merlin\libraries\bullet3-2.83.6\build3\vs2010\obj\x32\debug\bullet3opencl_clew\b3gpunarrowphase.obj
c:\bnu\modules\co667 game engine development\merlin\libraries\bullet3-2.83.6\build3\vs2010\obj\x32\debug\bullet3opencl_clew\b3convexhullcontact.obj
c:\bnu\modules\co667 game engine development\merlin\libraries\bullet3-2.83.6\build3\vs2010\obj\x32\debug\bullet3opencl_clew\b3gpupgscontactsolver.obj
c:\bnu\modules\co667 game engine development\merlin\libraries\bullet3-2.83.6\build3\vs2010\obj\x32\debug\bullet3opencl_clew\b3gpuparallellinearbvhbroadphase.obj
c:\bnu\modules\co667 game engine development\merlin\libraries\bullet3-2.83.6\build3\vs2010\obj\x32\debug\bullet3opencl_clew\b3quantizedbvh.obj
c:\bnu\modules\co667 game engine development\merlin\libraries\bullet3-2.83.6\build3\vs2010\obj\x32\debug\bullet3opencl_clew\b3prefixscanfloat4cl.obj
c:\bnu\modules\co667 game engine development\merlin\libraries\bullet3-2.83.6\build3\vs2010\obj\x32\debug\bullet3opencl_clew\b3solver.obj
c:\bnu\modules\co667 game engine development\merlin\libraries\bullet3-2.83.6\build3\vs2010\obj\x32\debug\bullet3opencl_clew\b3openclutils.obj
c:\bnu\modules\co667 game engine development\merlin\libraries\bullet3-2.83.6\build3\vs2010\obj\x32\debug\bullet3opencl_clew\b3triangleindexvertexarray.obj
c:\bnu\modules\co667 game engine development\merlin\libraries\bullet3-2.83.6\build3\vs2010\obj\x32\debug\bullet3opencl_clew\b3radixsort32cl.obj
c:\bnu\modules\co667 game engine development\merlin\libraries\bullet3-2.83.6\build3\vs2010\obj\x32\debug\bullet3opencl_clew\b3gpusapbroadphase.obj
c:\bnu\modules\co667 game engine development\merlin\libraries\bullet3-2.83.6\build3\vs2010\obj\x32\debug\bullet3opencl_clew\b3voronoisimplexsolver.obj
c:\bnu\modules\co667 game engine development\merlin\libraries\bullet3-2.83.6\build3\vs2010\obj\x32\debug\bullet3opencl_clew\b3prefixscancl.obj
c:\bnu\modules\co667 game engine development\merlin\libraries\bullet3-2.83.6\build3\vs2010\obj\x32\debug\bullet3opencl_clew\b3gpugenericconstraint.obj
c:\bnu\modules\co667 game engine development\merlin\libraries\bullet3-2.83.6\build3\vs2010\obj\x32\debug\bullet3opencl_clew\b3gpurigidbodypipeline.obj
c:\bnu\modules\co667 game engine development\merlin\libraries\bullet3-2.83.6\build3\vs2010\obj\x32\debug\bullet3opencl_clew\b3gpuparallellinearbvh.obj
c:\bnu\modules\co667 game engine development\merlin\libraries\bullet3-2.83.6\build3\vs2010\obj\x32\debug\bullet3opencl_clew\b3trianglecallback.obj
c:\bnu\modules\co667 game engine development\merlin\libraries\bullet3-2.83.6\build3\vs2010\obj\x32\debug\bullet3opencl_clew\b3launchercl.obj
c:\bnu\modules\co667 game engine development\merlin\libraries\bullet3-2.83.6\build3\vs2010\obj\x32\debug\bullet3opencl_clew\b3gpujacobicontactsolver.obj
c:\bnu\modules\co667 game engine development\merlin\libraries\bullet3-2.83.6\build3\vs2010\obj\x32\debug\bullet3opencl_clew\b3gjkepa.obj
c:\bnu\modules\co667 game engine development\merlin\libraries\bullet3-2.83.6\build3\vs2010\obj\x32\debug\bullet3opencl_clew\b3boundsearchcl.obj
c:\bnu\modules\co667 game engine development\merlin\libraries\bullet3-2.83.6\build3\vs2010\obj\x32\debug\bullet3opencl_clew\b3gpupgsconstraintsolver.obj
c:\bnu\modules\co667 game engine development\merlin\libraries\bullet3-2.83.6\bin\bullet3opencl_clew_vs2010_debug.lib
c:\bnu\modules\co667 game engine development\merlin\libraries\bullet3-2.83.6\build3\vs2010\..\..\bin\bullet3opencl_clew_vs2010_debug.lib
c:\bnu\modules\co667 game engine development\merlin\libraries\bullet3-2.83.6\build3\vs2010\obj\x32\debug\bullet3opencl_clew\bullet3o.5b131b01.tlog\cl.command.1.tlog
c:\bnu\modules\co667 game engine development\merlin\libraries\bullet3-2.83.6\build3\vs2010\obj\x32\debug\bullet3opencl_clew\bullet3o.5b131b01.tlog\cl.read.1.tlog
c:\bnu\modules\co667 game engine development\merlin\libraries\bullet3-2.83.6\build3\vs2010\obj\x32\debug\bullet3opencl_clew\bullet3o.5b131b01.tlog\cl.write.1.tlog
c:\bnu\modules\co667 game engine development\merlin\libraries\bullet3-2.83.6\build3\vs2010\obj\x32\debug\bullet3opencl_clew\bullet3o.5b131b01.tlog\lib-link.read.1.tlog
c:\bnu\modules\co667 game engine development\merlin\libraries\bullet3-2.83.6\build3\vs2010\obj\x32\debug\bullet3opencl_clew\bullet3o.5b131b01.tlog\lib-link.write.1.tlog
c:\bnu\modules\co667 game engine development\merlin\libraries\bullet3-2.83.6\build3\vs2010\obj\x32\debug\bullet3opencl_clew\bullet3o.5b131b01.tlog\lib.command.1.tlog
