c:\bnu\modules\co667 game engine development\solutions\week 2 merlin\week 1 merlin\debug\week 2 merlin.pch
c:\bnu\modules\co667 game engine development\solutions\week 2 merlin\week 1 merlin\debug\vc120.pdb
c:\bnu\modules\co667 game engine development\solutions\week 2 merlin\week 1 merlin\debug\vc120.idb
c:\bnu\modules\co667 game engine development\solutions\week 2 merlin\week 1 merlin\debug\stdafx.obj
c:\bnu\modules\co667 game engine development\solutions\week 2 merlin\week 1 merlin\debug\component.obj
c:\bnu\modules\co667 game engine development\solutions\week 2 merlin\week 1 merlin\debug\graphics.obj
c:\bnu\modules\co667 game engine development\solutions\week 2 merlin\week 1 merlin\debug\physics.obj
c:\bnu\modules\co667 game engine development\solutions\week 2 merlin\week 1 merlin\debug\gameobject.obj
c:\bnu\modules\co667 game engine development\solutions\week 2 merlin\week 1 merlin\debug\object.obj
c:\bnu\modules\co667 game engine development\solutions\week 2 merlin\week 1 merlin\debug\week 1 merlin.obj
c:\bnu\modules\co667 game engine development\solutions\week 2 merlin\week 1 merlin\debug\transform.obj
c:\bnu\modules\co667 game engine development\solutions\week 2 merlin\debug\week 2 merlin.ilk
c:\bnu\modules\co667 game engine development\solutions\week 2 merlin\debug\week 2 merlin.exe
c:\bnu\modules\co667 game engine development\solutions\week 2 merlin\debug\week 2 merlin.pdb
c:\bnu\modules\co667 game engine development\solutions\week 2 merlin\week 1 merlin\debug\week 2 merlin.tlog\cl.command.1.tlog
c:\bnu\modules\co667 game engine development\solutions\week 2 merlin\week 1 merlin\debug\week 2 merlin.tlog\cl.read.1.tlog
c:\bnu\modules\co667 game engine development\solutions\week 2 merlin\week 1 merlin\debug\week 2 merlin.tlog\cl.write.1.tlog
c:\bnu\modules\co667 game engine development\solutions\week 2 merlin\week 1 merlin\debug\week 2 merlin.tlog\link.command.1.tlog
c:\bnu\modules\co667 game engine development\solutions\week 2 merlin\week 1 merlin\debug\week 2 merlin.tlog\link.read.1.tlog
c:\bnu\modules\co667 game engine development\solutions\week 2 merlin\week 1 merlin\debug\week 2 merlin.tlog\link.write.1.tlog
