Build started 28/01/2017 14:49:30.
     1>Project "H:\Week 9 Merlin\Week 1 Merlin\Week 1 Merlin.vcxproj" on node 2 (Build target(s)).
     1>C:\Program Files (x86)\MSBuild\Microsoft.Cpp\v4.0\V120\Microsoft.CppBuild.targets(388,5): warning MSB8028: The intermediate directory (Debug\) contains files shared from another project (Week 1 Merlin.vcxproj, Week 2 Merlin.vcxproj, Week 3 Merlin.vcxproj, Week 5 Merlin.vcxproj, Week 6 Merlin.vcxproj, Week 8 Merlin.vcxproj).  This can lead to incorrect clean and rebuild behavior.
     1>ClCompile:
         C:\Program Files (x86)\Microsoft Visual Studio 12.0\VC\bin\CL.exe /c /ZI /nologo /W3 /WX- /sdl /Od /Oy- /D WIN32 /D _DEBUG /D _CONSOLE /D _LIB /D _UNICODE /D UNICODE /Gm /EHsc /RTC1 /MDd /GS /fp:precise /Zc:wchar_t /Zc:forScope /Yc"stdafx.h" /Fp"Debug\Week 9 Merlin.pch" /Fo"Debug\\" /Fd"Debug\vc120.pdb" /Gd /TP /analyze- /errorReport:prompt stdafx.cpp
         stdafx.cpp
         C:\Program Files (x86)\Microsoft Visual Studio 12.0\VC\bin\CL.exe /c /ZI /nologo /W3 /WX- /sdl /Od /Oy- /D WIN32 /D _DEBUG /D _CONSOLE /D _LIB /D _UNICODE /D UNICODE /Gm /EHsc /RTC1 /MDd /GS /fp:precise /Zc:wchar_t /Zc:forScope /Yu"stdafx.h" /Fp"Debug\Week 9 Merlin.pch" /Fo"Debug\\" /Fd"Debug\vc120.pdb" /Gd /TP /analyze- /errorReport:prompt Components\Camera.cpp Components\CharacterController.cpp Components\Component.cpp Components\Knight.cpp Core\CubeMesh.cpp Core\Graphics.cpp Core\Material.cpp Core\Physics.cpp Core\GameObject.cpp Core\Object.cpp Components\Light.cpp Core\PhysicsDebug.cpp Core\Shader.cpp Core\FBXMesh.cpp Core\InputManager.cpp Core\SphereMesh.cpp Level\Level.cpp Components\MeshRenderer.cpp Components\Script.cpp Components\RigidBody.cpp Core\LightSystem.cpp "Core\Week 1 Merlin.cpp" Components\Transform.cpp
         Transform.cpp
         Week 1 Merlin.cpp
     1>c:\program files (x86)\windows kits\8.1\include\shared\minwindef.h(130): warning C4005: 'APIENTRY' : macro redefinition
                 h:\week 9 merlin\libraries\glfw-3.1.2.bin.win32\include\glfw\glfw3.h(85) : see previous definition of 'APIENTRY'
         LightSystem.cpp
     1>h:\week 9 merlin\week 1 merlin\core\lightsystem.cpp(113): warning C4244: '=' : conversion from 'float' to 'unsigned char', possible loss of data
     1>h:\week 9 merlin\week 1 merlin\core\lightsystem.cpp(114): warning C4244: '=' : conversion from 'float' to 'unsigned char', possible loss of data
     1>h:\week 9 merlin\week 1 merlin\core\lightsystem.cpp(115): warning C4244: '=' : conversion from 'float' to 'unsigned char', possible loss of data
         RigidBody.cpp
         Script.cpp
         MeshRenderer.cpp
         Level.cpp
         SphereMesh.cpp
     1>h:\week 9 merlin\week 1 merlin\core\spheremesh.cpp(29): warning C4244: 'argument' : conversion from 'double' to 'const float', possible loss of data
     1>h:\week 9 merlin\week 1 merlin\core\spheremesh.cpp(30): warning C4244: 'argument' : conversion from 'double' to 'const float', possible loss of data
     1>h:\week 9 merlin\week 1 merlin\core\spheremesh.cpp(31): warning C4244: 'argument' : conversion from 'double' to 'const float', possible loss of data
     1>h:\week 9 merlin\week 1 merlin\core\spheremesh.cpp(32): warning C4244: 'argument' : conversion from 'double' to 'const float', possible loss of data
     1>h:\week 9 merlin\week 1 merlin\core\spheremesh.cpp(33): warning C4244: 'argument' : conversion from 'double' to 'const float', possible loss of data
     1>h:\week 9 merlin\week 1 merlin\core\spheremesh.cpp(34): warning C4244: 'argument' : conversion from 'double' to 'const float', possible loss of data
     1>h:\week 9 merlin\week 1 merlin\core\spheremesh.cpp(35): warning C4244: 'argument' : conversion from 'double' to 'const float', possible loss of data
     1>h:\week 9 merlin\week 1 merlin\core\spheremesh.cpp(36): warning C4244: 'argument' : conversion from 'double' to 'const float', possible loss of data
     1>h:\week 9 merlin\week 1 merlin\core\spheremesh.cpp(44): warning C4244: 'argument' : conversion from 'double' to 'const float', possible loss of data
     1>h:\week 9 merlin\week 1 merlin\core\spheremesh.cpp(45): warning C4244: 'argument' : conversion from 'double' to 'const float', possible loss of data
     1>h:\week 9 merlin\week 1 merlin\core\spheremesh.cpp(46): warning C4244: 'argument' : conversion from 'double' to 'const float', possible loss of data
     1>h:\week 9 merlin\week 1 merlin\core\spheremesh.cpp(47): warning C4244: 'argument' : conversion from 'double' to 'const float', possible loss of data
     1>h:\week 9 merlin\week 1 merlin\core\spheremesh.cpp(48): warning C4244: 'argument' : conversion from 'double' to 'const float', possible loss of data
     1>h:\week 9 merlin\week 1 merlin\core\spheremesh.cpp(49): warning C4244: 'argument' : conversion from 'double' to 'const float', possible loss of data
     1>h:\week 9 merlin\week 1 merlin\core\spheremesh.cpp(50): warning C4244: 'argument' : conversion from 'double' to 'const float', possible loss of data
     1>h:\week 9 merlin\week 1 merlin\core\spheremesh.cpp(51): warning C4244: 'argument' : conversion from 'double' to 'const float', possible loss of data
     1>h:\week 9 merlin\week 1 merlin\core\spheremesh.cpp(59): warning C4244: 'argument' : conversion from 'double' to 'const float', possible loss of data
     1>h:\week 9 merlin\week 1 merlin\core\spheremesh.cpp(60): warning C4244: 'argument' : conversion from 'double' to 'const float', possible loss of data
     1>h:\week 9 merlin\week 1 merlin\core\spheremesh.cpp(61): warning C4244: 'argument' : conversion from 'double' to 'const float', possible loss of data
     1>h:\week 9 merlin\week 1 merlin\core\spheremesh.cpp(62): warning C4244: 'argument' : conversion from 'double' to 'const float', possible loss of data
     1>h:\week 9 merlin\week 1 merlin\core\spheremesh.cpp(63): warning C4244: 'argument' : conversion from 'double' to 'const float', possible loss of data
     1>h:\week 9 merlin\week 1 merlin\core\spheremesh.cpp(64): warning C4244: 'argument' : conversion from 'double' to 'const float', possible loss of data
     1>h:\week 9 merlin\week 1 merlin\core\spheremesh.cpp(65): warning C4244: 'argument' : conversion from 'double' to 'const float', possible loss of data
     1>h:\week 9 merlin\week 1 merlin\core\spheremesh.cpp(66): warning C4244: 'argument' : conversion from 'double' to 'const float', possible loss of data
     1>h:\week 9 merlin\week 1 merlin\core\spheremesh.cpp(74): warning C4244: 'argument' : conversion from 'double' to 'const float', possible loss of data
     1>h:\week 9 merlin\week 1 merlin\core\spheremesh.cpp(75): warning C4244: 'argument' : conversion from 'double' to 'const float', possible loss of data
     1>h:\week 9 merlin\week 1 merlin\core\spheremesh.cpp(76): warning C4244: 'argument' : conversion from 'double' to 'const float', possible loss of data
     1>h:\week 9 merlin\week 1 merlin\core\spheremesh.cpp(77): warning C4244: 'argument' : conversion from 'double' to 'const float', possible loss of data
     1>h:\week 9 merlin\week 1 merlin\core\spheremesh.cpp(78): warning C4244: 'argument' : conversion from 'double' to 'const float', possible loss of data
     1>h:\week 9 merlin\week 1 merlin\core\spheremesh.cpp(79): warning C4244: 'argument' : conversion from 'double' to 'const float', possible loss of data
     1>h:\week 9 merlin\week 1 merlin\core\spheremesh.cpp(80): warning C4244: 'argument' : conversion from 'double' to 'const float', possible loss of data
     1>h:\week 9 merlin\week 1 merlin\core\spheremesh.cpp(81): warning C4244: 'argument' : conversion from 'double' to 'const float', possible loss of data
         InputManager.cpp
         FBXMesh.cpp
     1>c:\program files (x86)\windows kits\8.1\include\shared\minwindef.h(130): warning C4005: 'APIENTRY' : macro redefinition
                 h:\week 9 merlin\libraries\glfw-3.1.2.bin.win32\include\glfw\glfw3.h(85) : see previous definition of 'APIENTRY'
         Shader.cpp
         PhysicsDebug.cpp
         Light.cpp
         Object.cpp
         GameObject.cpp
         Physics.cpp
         Material.cpp
     1>h:\week 9 merlin\week 1 merlin\core\material.cpp(105): warning C4018: '<' : signed/unsigned mismatch
         Graphics.cpp
         CubeMesh.cpp
         Knight.cpp
     1>h:\week 9 merlin\week 1 merlin\components\knight.cpp(32): warning C4804: '>' : unsafe use of type 'bool' in operation
     1>h:\week 9 merlin\week 1 merlin\components\knight.cpp(32): warning C4804: '<' : unsafe use of type 'bool' in operation
         Generating Code...
         Compiling...
         Component.cpp
         CharacterController.cpp
         Camera.cpp
         Generating Code...
       Link:
         C:\Program Files (x86)\Microsoft Visual Studio 12.0\VC\bin\link.exe /ERRORREPORT:PROMPT /OUT:"H:\Week 9 Merlin\Debug\Week 9 Merlin.exe" /INCREMENTAL /NOLOGO opengl32.lib glfw3.lib glew32.lib "libfbxsdk-md.lib" lua5.3.0.lib BulletCollision_vs2010_debug.lib BulletDynamics_vs2010_debug.lib LinearMath_vs2010_debug.lib kernel32.lib user32.lib gdi32.lib winspool.lib comdlg32.lib advapi32.lib shell32.lib ole32.lib oleaut32.lib uuid.lib odbc32.lib odbccp32.lib /MANIFEST /MANIFESTUAC:"level='asInvoker' uiAccess='false'" /manifest:embed /DEBUG /PDB:"H:\Week 9 Merlin\Debug\Week 9 Merlin.pdb" /SUBSYSTEM:CONSOLE /TLBID:1 /DYNAMICBASE /NXCOMPAT /IMPLIB:"H:\Week 9 Merlin\Debug\Week 9 Merlin.lib" /MACHINE:X86 Debug\Camera.obj
         Debug\CharacterController.obj
         Debug\Component.obj
         Debug\Knight.obj
         Debug\CubeMesh.obj
         Debug\Graphics.obj
         Debug\Material.obj
         Debug\Physics.obj
         Debug\GameObject.obj
         Debug\Object.obj
         Debug\Light.obj
         Debug\PhysicsDebug.obj
         Debug\Shader.obj
         Debug\FBXMesh.obj
         Debug\InputManager.obj
         Debug\SphereMesh.obj
         Debug\Level.obj
         Debug\MeshRenderer.obj
         Debug\Script.obj
         Debug\RigidBody.obj
         Debug\LightSystem.obj
         Debug\stdafx.obj
         "Debug\Week 1 Merlin.obj"
         Debug\Transform.obj
     1>LINK : warning LNK4098: defaultlib 'MSVCRT' conflicts with use of other libs; use /NODEFAULTLIB:library
         Week 1 Merlin.vcxproj -> H:\Week 9 Merlin\Debug\Week 9 Merlin.exe
     1>Done Building Project "H:\Week 9 Merlin\Week 1 Merlin\Week 1 Merlin.vcxproj" (Build target(s)).

Build succeeded.

Time Elapsed 00:00:29.85
