  btDefaultSoftBodySolver.cpp
  btSoftBody.cpp
  btSoftBodyConcaveCollisionAlgorithm.cpp
  btSoftBodyHelpers.cpp
  btSoftBodyRigidBodyCollisionConfiguration.cpp
  btSoftRigidCollisionAlgorithm.cpp
  btSoftRigidDynamicsWorld.cpp
  btSoftSoftCollisionAlgorithm.cpp
..\..\src\BulletSoftBody\btSoftBodyHelpers.cpp(444): warning C4996: 'sprintf': This function or variable may be unsafe. Consider using sprintf_s instead. To disable deprecation, use _CRT_SECURE_NO_WARNINGS. See online help for details.
          C:\Program Files (x86)\Microsoft Visual Studio 12.0\VC\include\stdio.h(356) : see declaration of 'sprintf'
..\..\src\BulletSoftBody\btSoftBodyHelpers.cpp(445): warning C4996: 'strcat': This function or variable may be unsafe. Consider using strcat_s instead. To disable deprecation, use _CRT_SECURE_NO_WARNINGS. See online help for details.
          C:\Program Files (x86)\Microsoft Visual Studio 12.0\VC\include\string.h(118) : see declaration of 'strcat'
..\..\src\BulletSoftBody\btSoftBodyHelpers.cpp(449): warning C4996: 'sprintf': This function or variable may be unsafe. Consider using sprintf_s instead. To disable deprecation, use _CRT_SECURE_NO_WARNINGS. See online help for details.
          C:\Program Files (x86)\Microsoft Visual Studio 12.0\VC\include\stdio.h(356) : see declaration of 'sprintf'
..\..\src\BulletSoftBody\btSoftBodyHelpers.cpp(450): warning C4996: 'strcat': This function or variable may be unsafe. Consider using strcat_s instead. To disable deprecation, use _CRT_SECURE_NO_WARNINGS. See online help for details.
          C:\Program Files (x86)\Microsoft Visual Studio 12.0\VC\include\string.h(118) : see declaration of 'strcat'
..\..\src\BulletSoftBody\btSoftBodyHelpers.cpp(555): warning C4316: 'btSoftBody::Link' : object allocated on the heap may not be aligned 16
..\..\src\BulletSoftBody\btSoftBodyHelpers.cpp(1128): warning C4996: 'sscanf': This function or variable may be unsafe. Consider using sscanf_s instead. To disable deprecation, use _CRT_SECURE_NO_WARNINGS. See online help for details.
          C:\Program Files (x86)\Microsoft Visual Studio 12.0\VC\include\stdio.h(304) : see declaration of 'sscanf'
..\..\src\BulletSoftBody\btSoftBodyHelpers.cpp(1129): warning C4996: 'sscanf': This function or variable may be unsafe. Consider using sscanf_s instead. To disable deprecation, use _CRT_SECURE_NO_WARNINGS. See online help for details.
          C:\Program Files (x86)\Microsoft Visual Studio 12.0\VC\include\stdio.h(304) : see declaration of 'sscanf'
..\..\src\BulletSoftBody\btSoftBodyHelpers.cpp(1138): warning C4996: 'sscanf': This function or variable may be unsafe. Consider using sscanf_s instead. To disable deprecation, use _CRT_SECURE_NO_WARNINGS. See online help for details.
          C:\Program Files (x86)\Microsoft Visual Studio 12.0\VC\include\stdio.h(304) : see declaration of 'sscanf'
..\..\src\BulletSoftBody\btSoftBodyHelpers.cpp(1184): warning C4996: 'sscanf': This function or variable may be unsafe. Consider using sscanf_s instead. To disable deprecation, use _CRT_SECURE_NO_WARNINGS. See online help for details.
          C:\Program Files (x86)\Microsoft Visual Studio 12.0\VC\include\stdio.h(304) : see declaration of 'sscanf'
..\..\src\BulletSoftBody\btSoftBodyHelpers.cpp(1195): warning C4996: 'sscanf': This function or variable may be unsafe. Consider using sscanf_s instead. To disable deprecation, use _CRT_SECURE_NO_WARNINGS. See online help for details.
          C:\Program Files (x86)\Microsoft Visual Studio 12.0\VC\include\stdio.h(304) : see declaration of 'sscanf'
  BulletSoftBody.vcxproj -> C:\BNU\Modules\CO667 Game Engine Development\Merlin\libraries\bullet3-2.83.6\build3\vs2010\..\..\bin\BulletSoftBody_vs2010_debug.lib
