c:\bnu\modules\co667 game engine development\merlin\libraries\bullet3-2.83.6\bin\app_sharedmemoryphysics_vs2010_debug.pdb
c:\bnu\modules\co667 game engine development\merlin\libraries\bullet3-2.83.6\bin\app_sharedmemoryphysics_vs2010_debug.ilk
c:\bnu\modules\co667 game engine development\merlin\libraries\bullet3-2.83.6\bin\app_sharedmemoryphysics_vs2010_debug.exe
c:\bnu\modules\co667 game engine development\merlin\libraries\bullet3-2.83.6\build3\vs2010\obj\x32\debug\app_sharedmemoryphysics\b3clock.obj
c:\bnu\modules\co667 game engine development\merlin\libraries\bullet3-2.83.6\build3\vs2010\obj\x32\debug\app_sharedmemoryphysics\b3resourcepath.obj
c:\bnu\modules\co667 game engine development\merlin\libraries\bullet3-2.83.6\build3\vs2010\obj\x32\debug\app_sharedmemoryphysics\bchunk.obj
c:\bnu\modules\co667 game engine development\merlin\libraries\bullet3-2.83.6\build3\vs2010\obj\x32\debug\app_sharedmemoryphysics\bdna.obj
c:\bnu\modules\co667 game engine development\merlin\libraries\bullet3-2.83.6\build3\vs2010\obj\x32\debug\app_sharedmemoryphysics\bfile.obj
c:\bnu\modules\co667 game engine development\merlin\libraries\bullet3-2.83.6\build3\vs2010\obj\x32\debug\app_sharedmemoryphysics\btbulletfile.obj
c:\bnu\modules\co667 game engine development\merlin\libraries\bullet3-2.83.6\build3\vs2010\obj\x32\debug\app_sharedmemoryphysics\btbulletworldimporter.obj
c:\bnu\modules\co667 game engine development\merlin\libraries\bullet3-2.83.6\build3\vs2010\obj\x32\debug\app_sharedmemoryphysics\btworldimporter.obj
c:\bnu\modules\co667 game engine development\merlin\libraries\bullet3-2.83.6\build3\vs2010\obj\x32\debug\app_sharedmemoryphysics\bulleturdfimporter.obj
c:\bnu\modules\co667 game engine development\merlin\libraries\bullet3-2.83.6\build3\vs2010\obj\x32\debug\app_sharedmemoryphysics\joint.obj
c:\bnu\modules\co667 game engine development\merlin\libraries\bullet3-2.83.6\build3\vs2010\obj\x32\debug\app_sharedmemoryphysics\link.obj
c:\bnu\modules\co667 game engine development\merlin\libraries\bullet3-2.83.6\build3\vs2010\obj\x32\debug\app_sharedmemoryphysics\loadmeshfromcollada.obj
c:\bnu\modules\co667 game engine development\merlin\libraries\bullet3-2.83.6\build3\vs2010\obj\x32\debug\app_sharedmemoryphysics\loadmeshfromobj.obj
c:\bnu\modules\co667 game engine development\merlin\libraries\bullet3-2.83.6\build3\vs2010\obj\x32\debug\app_sharedmemoryphysics\main.obj
c:\bnu\modules\co667 game engine development\merlin\libraries\bullet3-2.83.6\build3\vs2010\obj\x32\debug\app_sharedmemoryphysics\model.obj
c:\bnu\modules\co667 game engine development\merlin\libraries\bullet3-2.83.6\build3\vs2010\obj\x32\debug\app_sharedmemoryphysics\mymultibodycreator.obj
c:\bnu\modules\co667 game engine development\merlin\libraries\bullet3-2.83.6\build3\vs2010\obj\x32\debug\app_sharedmemoryphysics\physicsclient.obj
c:\bnu\modules\co667 game engine development\merlin\libraries\bullet3-2.83.6\build3\vs2010\obj\x32\debug\app_sharedmemoryphysics\physicsclientc_api.obj
c:\bnu\modules\co667 game engine development\merlin\libraries\bullet3-2.83.6\build3\vs2010\obj\x32\debug\app_sharedmemoryphysics\physicsclientexample.obj
c:\bnu\modules\co667 game engine development\merlin\libraries\bullet3-2.83.6\build3\vs2010\obj\x32\debug\app_sharedmemoryphysics\physicsserver.obj
c:\bnu\modules\co667 game engine development\merlin\libraries\bullet3-2.83.6\build3\vs2010\obj\x32\debug\app_sharedmemoryphysics\physicsserverexample.obj
c:\bnu\modules\co667 game engine development\merlin\libraries\bullet3-2.83.6\build3\vs2010\obj\x32\debug\app_sharedmemoryphysics\pose.obj
c:\bnu\modules\co667 game engine development\merlin\libraries\bullet3-2.83.6\build3\vs2010\obj\x32\debug\app_sharedmemoryphysics\posixsharedmemory.obj
c:\bnu\modules\co667 game engine development\merlin\libraries\bullet3-2.83.6\build3\vs2010\obj\x32\debug\app_sharedmemoryphysics\printf_console.obj
c:\bnu\modules\co667 game engine development\merlin\libraries\bullet3-2.83.6\build3\vs2010\obj\x32\debug\app_sharedmemoryphysics\robotcontrolexample.obj
c:\bnu\modules\co667 game engine development\merlin\libraries\bullet3-2.83.6\build3\vs2010\obj\x32\debug\app_sharedmemoryphysics\string_split.obj
c:\bnu\modules\co667 game engine development\merlin\libraries\bullet3-2.83.6\build3\vs2010\obj\x32\debug\app_sharedmemoryphysics\tinystr.obj
c:\bnu\modules\co667 game engine development\merlin\libraries\bullet3-2.83.6\build3\vs2010\obj\x32\debug\app_sharedmemoryphysics\tinyxml.obj
c:\bnu\modules\co667 game engine development\merlin\libraries\bullet3-2.83.6\build3\vs2010\obj\x32\debug\app_sharedmemoryphysics\tinyxmlerror.obj
c:\bnu\modules\co667 game engine development\merlin\libraries\bullet3-2.83.6\build3\vs2010\obj\x32\debug\app_sharedmemoryphysics\tinyxmlparser.obj
c:\bnu\modules\co667 game engine development\merlin\libraries\bullet3-2.83.6\build3\vs2010\obj\x32\debug\app_sharedmemoryphysics\tiny_obj_loader.obj
c:\bnu\modules\co667 game engine development\merlin\libraries\bullet3-2.83.6\build3\vs2010\obj\x32\debug\app_sharedmemoryphysics\urdf2bullet.obj
c:\bnu\modules\co667 game engine development\merlin\libraries\bullet3-2.83.6\build3\vs2010\obj\x32\debug\app_sharedmemoryphysics\urdfparser.obj
c:\bnu\modules\co667 game engine development\merlin\libraries\bullet3-2.83.6\build3\vs2010\obj\x32\debug\app_sharedmemoryphysics\urdfstringsplit.obj
c:\bnu\modules\co667 game engine development\merlin\libraries\bullet3-2.83.6\build3\vs2010\obj\x32\debug\app_sharedmemoryphysics\wavefront2glinstancegraphicsshape.obj
c:\bnu\modules\co667 game engine development\merlin\libraries\bullet3-2.83.6\build3\vs2010\obj\x32\debug\app_sharedmemoryphysics\win32sharedmemory.obj
c:\bnu\modules\co667 game engine development\merlin\libraries\bullet3-2.83.6\build3\vs2010\..\..\bin\app_sharedmemoryphysics_vs2010_debug.exe
c:\bnu\modules\co667 game engine development\merlin\libraries\bullet3-2.83.6\build3\vs2010\obj\x32\debug\app_sharedmemoryphysics\app_shar.eb0b1d2f.tlog\cl.command.1.tlog
c:\bnu\modules\co667 game engine development\merlin\libraries\bullet3-2.83.6\build3\vs2010\obj\x32\debug\app_sharedmemoryphysics\app_shar.eb0b1d2f.tlog\cl.read.1.tlog
c:\bnu\modules\co667 game engine development\merlin\libraries\bullet3-2.83.6\build3\vs2010\obj\x32\debug\app_sharedmemoryphysics\app_shar.eb0b1d2f.tlog\cl.write.1.tlog
c:\bnu\modules\co667 game engine development\merlin\libraries\bullet3-2.83.6\build3\vs2010\obj\x32\debug\app_sharedmemoryphysics\app_shar.eb0b1d2f.tlog\link.command.1.tlog
c:\bnu\modules\co667 game engine development\merlin\libraries\bullet3-2.83.6\build3\vs2010\obj\x32\debug\app_sharedmemoryphysics\app_shar.eb0b1d2f.tlog\link.read.1.tlog
c:\bnu\modules\co667 game engine development\merlin\libraries\bullet3-2.83.6\build3\vs2010\obj\x32\debug\app_sharedmemoryphysics\app_shar.eb0b1d2f.tlog\link.write.1.tlog
