c:\bnu\modules\co667 game engine development\merlin\libraries\bullet3-2.83.6\bin\bulletdynamics_vs2010_debug.pdb
c:\bnu\modules\co667 game engine development\merlin\libraries\bullet3-2.83.6\bin\bulletdynamics_vs2010_debug.lib
c:\bnu\modules\co667 game engine development\merlin\libraries\bullet3-2.83.6\build3\vs2010\obj\x32\debug\bulletdynamics\btconetwistconstraint.obj
c:\bnu\modules\co667 game engine development\merlin\libraries\bullet3-2.83.6\build3\vs2010\obj\x32\debug\bulletdynamics\btcontactconstraint.obj
c:\bnu\modules\co667 game engine development\merlin\libraries\bullet3-2.83.6\build3\vs2010\obj\x32\debug\bulletdynamics\btdantziglcp.obj
c:\bnu\modules\co667 game engine development\merlin\libraries\bullet3-2.83.6\build3\vs2010\obj\x32\debug\bulletdynamics\btdiscretedynamicsworld.obj
c:\bnu\modules\co667 game engine development\merlin\libraries\bullet3-2.83.6\build3\vs2010\obj\x32\debug\bulletdynamics\btfixedconstraint.obj
c:\bnu\modules\co667 game engine development\merlin\libraries\bullet3-2.83.6\build3\vs2010\obj\x32\debug\bulletdynamics\btgearconstraint.obj
c:\bnu\modules\co667 game engine development\merlin\libraries\bullet3-2.83.6\build3\vs2010\obj\x32\debug\bulletdynamics\btgeneric6dofconstraint.obj
c:\bnu\modules\co667 game engine development\merlin\libraries\bullet3-2.83.6\build3\vs2010\obj\x32\debug\bulletdynamics\btgeneric6dofspring2constraint.obj
c:\bnu\modules\co667 game engine development\merlin\libraries\bullet3-2.83.6\build3\vs2010\obj\x32\debug\bulletdynamics\btgeneric6dofspringconstraint.obj
c:\bnu\modules\co667 game engine development\merlin\libraries\bullet3-2.83.6\build3\vs2010\obj\x32\debug\bulletdynamics\bthinge2constraint.obj
c:\bnu\modules\co667 game engine development\merlin\libraries\bullet3-2.83.6\build3\vs2010\obj\x32\debug\bulletdynamics\bthingeconstraint.obj
c:\bnu\modules\co667 game engine development\merlin\libraries\bullet3-2.83.6\build3\vs2010\obj\x32\debug\bulletdynamics\btkinematiccharactercontroller.obj
c:\bnu\modules\co667 game engine development\merlin\libraries\bullet3-2.83.6\build3\vs2010\obj\x32\debug\bulletdynamics\btlemkealgorithm.obj
c:\bnu\modules\co667 game engine development\merlin\libraries\bullet3-2.83.6\build3\vs2010\obj\x32\debug\bulletdynamics\btmlcpsolver.obj
c:\bnu\modules\co667 game engine development\merlin\libraries\bullet3-2.83.6\build3\vs2010\obj\x32\debug\bulletdynamics\btmultibody.obj
c:\bnu\modules\co667 game engine development\merlin\libraries\bullet3-2.83.6\build3\vs2010\obj\x32\debug\bulletdynamics\btmultibodyconstraint.obj
c:\bnu\modules\co667 game engine development\merlin\libraries\bullet3-2.83.6\build3\vs2010\obj\x32\debug\bulletdynamics\btmultibodyconstraintsolver.obj
c:\bnu\modules\co667 game engine development\merlin\libraries\bullet3-2.83.6\build3\vs2010\obj\x32\debug\bulletdynamics\btmultibodydynamicsworld.obj
c:\bnu\modules\co667 game engine development\merlin\libraries\bullet3-2.83.6\build3\vs2010\obj\x32\debug\bulletdynamics\btmultibodyjointlimitconstraint.obj
c:\bnu\modules\co667 game engine development\merlin\libraries\bullet3-2.83.6\build3\vs2010\obj\x32\debug\bulletdynamics\btmultibodyjointmotor.obj
c:\bnu\modules\co667 game engine development\merlin\libraries\bullet3-2.83.6\build3\vs2010\obj\x32\debug\bulletdynamics\btmultibodypoint2point.obj
c:\bnu\modules\co667 game engine development\merlin\libraries\bullet3-2.83.6\build3\vs2010\obj\x32\debug\bulletdynamics\btnncgconstraintsolver.obj
c:\bnu\modules\co667 game engine development\merlin\libraries\bullet3-2.83.6\build3\vs2010\obj\x32\debug\bulletdynamics\btpoint2pointconstraint.obj
c:\bnu\modules\co667 game engine development\merlin\libraries\bullet3-2.83.6\build3\vs2010\obj\x32\debug\bulletdynamics\btraycastvehicle.obj
c:\bnu\modules\co667 game engine development\merlin\libraries\bullet3-2.83.6\build3\vs2010\obj\x32\debug\bulletdynamics\btrigidbody.obj
c:\bnu\modules\co667 game engine development\merlin\libraries\bullet3-2.83.6\build3\vs2010\obj\x32\debug\bulletdynamics\btsequentialimpulseconstraintsolver.obj
c:\bnu\modules\co667 game engine development\merlin\libraries\bullet3-2.83.6\build3\vs2010\obj\x32\debug\bulletdynamics\btsimpledynamicsworld.obj
c:\bnu\modules\co667 game engine development\merlin\libraries\bullet3-2.83.6\build3\vs2010\obj\x32\debug\bulletdynamics\btsliderconstraint.obj
c:\bnu\modules\co667 game engine development\merlin\libraries\bullet3-2.83.6\build3\vs2010\obj\x32\debug\bulletdynamics\btsolve2linearconstraint.obj
c:\bnu\modules\co667 game engine development\merlin\libraries\bullet3-2.83.6\build3\vs2010\obj\x32\debug\bulletdynamics\bttypedconstraint.obj
c:\bnu\modules\co667 game engine development\merlin\libraries\bullet3-2.83.6\build3\vs2010\obj\x32\debug\bulletdynamics\btuniversalconstraint.obj
c:\bnu\modules\co667 game engine development\merlin\libraries\bullet3-2.83.6\build3\vs2010\obj\x32\debug\bulletdynamics\btwheelinfo.obj
c:\bnu\modules\co667 game engine development\merlin\libraries\bullet3-2.83.6\build3\vs2010\..\..\bin\bulletdynamics_vs2010_debug.lib
c:\bnu\modules\co667 game engine development\merlin\libraries\bullet3-2.83.6\build3\vs2010\obj\x32\debug\bulletdynamics\bulletdynamics.tlog\cl.command.1.tlog
c:\bnu\modules\co667 game engine development\merlin\libraries\bullet3-2.83.6\build3\vs2010\obj\x32\debug\bulletdynamics\bulletdynamics.tlog\cl.read.1.tlog
c:\bnu\modules\co667 game engine development\merlin\libraries\bullet3-2.83.6\build3\vs2010\obj\x32\debug\bulletdynamics\bulletdynamics.tlog\cl.write.1.tlog
c:\bnu\modules\co667 game engine development\merlin\libraries\bullet3-2.83.6\build3\vs2010\obj\x32\debug\bulletdynamics\bulletdynamics.tlog\lib-link.read.1.tlog
c:\bnu\modules\co667 game engine development\merlin\libraries\bullet3-2.83.6\build3\vs2010\obj\x32\debug\bulletdynamics\bulletdynamics.tlog\lib-link.write.1.tlog
c:\bnu\modules\co667 game engine development\merlin\libraries\bullet3-2.83.6\build3\vs2010\obj\x32\debug\bulletdynamics\bulletdynamics.tlog\lib.command.1.tlog
