  btDiscreteDynamicsWorld.cpp
  btRigidBody.cpp
  btSimpleDynamicsWorld.cpp
  btConeTwistConstraint.cpp
  btContactConstraint.cpp
  btFixedConstraint.cpp
  btGearConstraint.cpp
  btGeneric6DofConstraint.cpp
  btGeneric6DofSpring2Constraint.cpp
  btGeneric6DofSpringConstraint.cpp
  btHinge2Constraint.cpp
  btHingeConstraint.cpp
  btNNCGConstraintSolver.cpp
  btPoint2PointConstraint.cpp
  btSequentialImpulseConstraintSolver.cpp
  btSliderConstraint.cpp
  btSolve2LinearConstraint.cpp
  btTypedConstraint.cpp
  btUniversalConstraint.cpp
  btMultiBody.cpp
  btMultiBodyConstraint.cpp
  btMultiBodyConstraintSolver.cpp
  btMultiBodyDynamicsWorld.cpp
  btMultiBodyJointLimitConstraint.cpp
  btMultiBodyJointMotor.cpp
..\..\src\BulletDynamics\Featherstone\btMultiBodyJointLimitConstraint.cpp(114): warning C4244: 'initializing' : conversion from 'int' to 'btScalar', possible loss of data
  btMultiBodyPoint2Point.cpp
  btDantzigLCP.cpp
  btLemkeAlgorithm.cpp
  btMLCPSolver.cpp
  btRaycastVehicle.cpp
  btWheelInfo.cpp
  btKinematicCharacterController.cpp
  BulletDynamics.vcxproj -> C:\BNU\Modules\CO667 Game Engine Development\Merlin\libraries\bullet3-2.83.6\build3\vs2010\..\..\bin\BulletDynamics_vs2010_debug.lib
