  clew.c
  glew.c
  ExampleEntries.cpp
  GL_ShapeDrawer.cpp
  main.cpp
  OpenGLExampleBrowser.cpp
  OpenGLGuiHelper.cpp
  GraphingTexture.cpp
  GwenParameterInterface.cpp
  GwenProfileWindow.cpp
  GwenTextureWindow.cpp
  gwenUserInterface.cpp
..\..\examples\ExampleBrowser\OpenGLGuiHelper.cpp(479): warning C4316: 'MyDebugDrawer' : object allocated on the heap may not be aligned 16
C:\BNU\Modules\CO667 Game Engine Development\Merlin\libraries\bullet3-2.83.6\src\Bullet3Common/b3CommandLineArgs.h(97): warning C4996: 'strcpy': This function or variable may be unsafe. Consider using strcpy_s instead. To disable deprecation, use _CRT_SECURE_NO_WARNINGS. See online help for details. (..\..\examples\ExampleBrowser\main.cpp)
          C:\Program Files (x86)\Microsoft Visual Studio 12.0\VC\include\string.h(112) : see declaration of 'strcpy'
..\..\examples\ExampleBrowser\GL_ShapeDrawer.cpp(654): warning C4996: 'sprintf': This function or variable may be unsafe. Consider using sprintf_s instead. To disable deprecation, use _CRT_SECURE_NO_WARNINGS. See online help for details.
          C:\Program Files (x86)\Microsoft Visual Studio 12.0\VC\include\stdio.h(356) : see declaration of 'sprintf'
  PhysicsClientC_API.cpp
  PhysicsServerExample.cpp
..\..\examples\SharedMemory\PhysicsClientC_API.cpp(13): warning C4996: 'strcpy': This function or variable may be unsafe. Consider using strcpy_s instead. To disable deprecation, use _CRT_SECURE_NO_WARNINGS. See online help for details.
          C:\Program Files (x86)\Microsoft Visual Studio 12.0\VC\include\string.h(112) : see declaration of 'strcpy'
  PhysicsClientExample.cpp
..\..\examples\ExampleBrowser\GwenGUISupport\GwenParameterInterface.cpp(169): warning C4996: 'sprintf': This function or variable may be unsafe. Consider using sprintf_s instead. To disable deprecation, use _CRT_SECURE_NO_WARNINGS. See online help for details.
          C:\Program Files (x86)\Microsoft Visual Studio 12.0\VC\include\stdio.h(356) : see declaration of 'sprintf'
  RobotControlExample.cpp
..\..\examples\ExampleBrowser\GwenGUISupport\GwenParameterInterface.cpp(74): warning C4996: 'sprintf': This function or variable may be unsafe. Consider using sprintf_s instead. To disable deprecation, use _CRT_SECURE_NO_WARNINGS. See online help for details.
          C:\Program Files (x86)\Microsoft Visual Studio 12.0\VC\include\stdio.h(356) : see declaration of 'sprintf'
          ..\..\examples\ExampleBrowser\GwenGUISupport\GwenParameterInterface.cpp(57) : while compiling class template member function 'void MySliderEventHandler<btScalar>::SetValue(T)'
          with
          [
              T=btScalar
          ]
          ..\..\examples\ExampleBrowser\GwenGUISupport\GwenParameterInterface.cpp(52) : see reference to function template instantiation 'void MySliderEventHandler<btScalar>::SetValue(T)' being compiled
          with
          [
              T=btScalar
          ]
          ..\..\examples\ExampleBrowser\GwenGUISupport\GwenParameterInterface.cpp(170) : see reference to class template instantiation 'MySliderEventHandler<btScalar>' being compiled
C:\BNU\Modules\CO667 Game Engine Development\Merlin\libraries\bullet3-2.83.6\src\Bullet3Common/b3CommandLineArgs.h(97): warning C4996: 'strcpy': This function or variable may be unsafe. Consider using strcpy_s instead. To disable deprecation, use _CRT_SECURE_NO_WARNINGS. See online help for details. (..\..\examples\ExampleBrowser\OpenGLExampleBrowser.cpp)
          C:\Program Files (x86)\Microsoft Visual Studio 12.0\VC\include\string.h(112) : see declaration of 'strcpy'
C:\BNU\Modules\CO667 Game Engine Development\Merlin\libraries\bullet3-2.83.6\src\Bullet3Common/b3FileUtils.h(21): warning C4996: 'fopen': This function or variable may be unsafe. Consider using fopen_s instead. To disable deprecation, use _CRT_SECURE_NO_WARNINGS. See online help for details. (..\..\examples\ExampleBrowser\OpenGLExampleBrowser.cpp)
          C:\Program Files (x86)\Microsoft Visual Studio 12.0\VC\include\stdio.h(211) : see declaration of 'fopen'
C:\BNU\Modules\CO667 Game Engine Development\Merlin\libraries\bullet3-2.83.6\src\Bullet3Common/b3FileUtils.h(25): warning C4996: 'sprintf': This function or variable may be unsafe. Consider using sprintf_s instead. To disable deprecation, use _CRT_SECURE_NO_WARNINGS. See online help for details. (..\..\examples\ExampleBrowser\OpenGLExampleBrowser.cpp)
          C:\Program Files (x86)\Microsoft Visual Studio 12.0\VC\include\stdio.h(356) : see declaration of 'sprintf'
C:\BNU\Modules\CO667 Game Engine Development\Merlin\libraries\bullet3-2.83.6\src\Bullet3Common/b3FileUtils.h(44): warning C4996: 'fopen': This function or variable may be unsafe. Consider using fopen_s instead. To disable deprecation, use _CRT_SECURE_NO_WARNINGS. See online help for details. (..\..\examples\ExampleBrowser\OpenGLExampleBrowser.cpp)
          C:\Program Files (x86)\Microsoft Visual Studio 12.0\VC\include\stdio.h(211) : see declaration of 'fopen'
..\..\examples\ExampleBrowser\OpenGLExampleBrowser.cpp(277): warning C4996: 'sprintf': This function or variable may be unsafe. Consider using sprintf_s instead. To disable deprecation, use _CRT_SECURE_NO_WARNINGS. See online help for details.
          C:\Program Files (x86)\Microsoft Visual Studio 12.0\VC\include\stdio.h(356) : see declaration of 'sprintf'
..\..\examples\ExampleBrowser\OpenGLExampleBrowser.cpp(352): warning C4996: 'fopen': This function or variable may be unsafe. Consider using fopen_s instead. To disable deprecation, use _CRT_SECURE_NO_WARNINGS. See online help for details.
          C:\Program Files (x86)\Microsoft Visual Studio 12.0\VC\include\stdio.h(211) : see declaration of 'fopen'
..\..\examples\ExampleBrowser\OpenGLExampleBrowser.cpp(385): warning C4996: 'fopen': This function or variable may be unsafe. Consider using fopen_s instead. To disable deprecation, use _CRT_SECURE_NO_WARNINGS. See online help for details.
          C:\Program Files (x86)\Microsoft Visual Studio 12.0\VC\include\stdio.h(211) : see declaration of 'fopen'
..\..\examples\ExampleBrowser\OpenGLExampleBrowser.cpp(388): warning C4101: 'result' : unreferenced local variable
..\..\examples\ExampleBrowser\OpenGLExampleBrowser.cpp(712): warning C4996: 'sprintf': This function or variable may be unsafe. Consider using sprintf_s instead. To disable deprecation, use _CRT_SECURE_NO_WARNINGS. See online help for details.
          C:\Program Files (x86)\Microsoft Visual Studio 12.0\VC\include\stdio.h(356) : see declaration of 'sprintf'
..\..\examples\ExampleBrowser\OpenGLExampleBrowser.cpp(720): warning C4996: 'sprintf': This function or variable may be unsafe. Consider using sprintf_s instead. To disable deprecation, use _CRT_SECURE_NO_WARNINGS. See online help for details.
          C:\Program Files (x86)\Microsoft Visual Studio 12.0\VC\include\stdio.h(356) : see declaration of 'sprintf'
..\..\examples\ExampleBrowser\OpenGLExampleBrowser.cpp(971): warning C4996: 'sprintf': This function or variable may be unsafe. Consider using sprintf_s instead. To disable deprecation, use _CRT_SECURE_NO_WARNINGS. See online help for details.
          C:\Program Files (x86)\Microsoft Visual Studio 12.0\VC\include\stdio.h(356) : see declaration of 'sprintf'
..\..\examples\ExampleBrowser\OpenGLExampleBrowser.cpp(994): warning C4996: 'sprintf': This function or variable may be unsafe. Consider using sprintf_s instead. To disable deprecation, use _CRT_SECURE_NO_WARNINGS. See online help for details.
          C:\Program Files (x86)\Microsoft Visual Studio 12.0\VC\include\stdio.h(356) : see declaration of 'sprintf'
..\..\examples\ExampleBrowser\OpenGLExampleBrowser.cpp(1037): warning C4996: 'sprintf': This function or variable may be unsafe. Consider using sprintf_s instead. To disable deprecation, use _CRT_SECURE_NO_WARNINGS. See online help for details.
          C:\Program Files (x86)\Microsoft Visual Studio 12.0\VC\include\stdio.h(356) : see declaration of 'sprintf'
..\..\examples\ExampleBrowser\GwenGUISupport\gwenUserInterface.cpp(621): warning C4800: 'int' : forcing value to bool 'true' or 'false' (performance warning)
  PhysicsServer.cpp
  PhysicsClient.cpp
  PosixSharedMemory.cpp
  Win32SharedMemory.cpp
  BasicExample.cpp
c:\bnu\modules\co667 game engine development\merlin\libraries\bullet3-2.83.6\examples\sharedmemory\../CommonInterfaces/CommonMultiBodyBase.h(333): warning C4316: 'btMultiBodyPoint2Point' : object allocated on the heap may not be aligned 16 (..\..\examples\SharedMemory\PhysicsClientExample.cpp)
..\..\examples\SharedMemory\PhysicsClientExample.cpp(98): warning C4996: 'sprintf': This function or variable may be unsafe. Consider using sprintf_s instead. To disable deprecation, use _CRT_SECURE_NO_WARNINGS. See online help for details.
          C:\Program Files (x86)\Microsoft Visual Studio 12.0\VC\include\stdio.h(356) : see declaration of 'sprintf'
..\..\examples\SharedMemory\PhysicsClientExample.cpp(290): warning C4996: 'sprintf': This function or variable may be unsafe. Consider using sprintf_s instead. To disable deprecation, use _CRT_SECURE_NO_WARNINGS. See online help for details.
          C:\Program Files (x86)\Microsoft Visual Studio 12.0\VC\include\stdio.h(356) : see declaration of 'sprintf'
c:\bnu\modules\co667 game engine development\merlin\libraries\bullet3-2.83.6\examples\sharedmemory\../CommonInterfaces/CommonMultiBodyBase.h(333): warning C4316: 'btMultiBodyPoint2Point' : object allocated on the heap may not be aligned 16 (..\..\examples\SharedMemory\PhysicsServerExample.cpp)
  Dof6ConstraintTutorial.cpp
  Tutorial.cpp
c:\bnu\modules\co667 game engine development\merlin\libraries\bullet3-2.83.6\examples\sharedmemory\../CommonInterfaces/CommonMultiBodyBase.h(333): warning C4316: 'btMultiBodyPoint2Point' : object allocated on the heap may not be aligned 16 (..\..\examples\SharedMemory\RobotControlExample.cpp)
..\..\examples\SharedMemory\RobotControlExample.cpp(114): warning C4996: 'sprintf': This function or variable may be unsafe. Consider using sprintf_s instead. To disable deprecation, use _CRT_SECURE_NO_WARNINGS. See online help for details.
          C:\Program Files (x86)\Microsoft Visual Studio 12.0\VC\include\stdio.h(356) : see declaration of 'sprintf'
..\..\examples\SharedMemory\RobotControlExample.cpp(351): warning C4996: 'sprintf': This function or variable may be unsafe. Consider using sprintf_s instead. To disable deprecation, use _CRT_SECURE_NO_WARNINGS. See online help for details.
          C:\Program Files (x86)\Microsoft Visual Studio 12.0\VC\include\stdio.h(356) : see declaration of 'sprintf'
..\..\examples\SharedMemory\PhysicsClient.cpp(322): warning C4996: 'sprintf': This function or variable may be unsafe. Consider using sprintf_s instead. To disable deprecation, use _CRT_SECURE_NO_WARNINGS. See online help for details.
          C:\Program Files (x86)\Microsoft Visual Studio 12.0\VC\include\stdio.h(356) : see declaration of 'sprintf'
..\..\examples\SharedMemory\PhysicsClient.cpp(328): warning C4996: 'sprintf': This function or variable may be unsafe. Consider using sprintf_s instead. To disable deprecation, use _CRT_SECURE_NO_WARNINGS. See online help for details.
          C:\Program Files (x86)\Microsoft Visual Studio 12.0\VC\include\stdio.h(356) : see declaration of 'sprintf'
..\..\examples\SharedMemory\PhysicsClient.cpp(331): warning C4996: 'sprintf': This function or variable may be unsafe. Consider using sprintf_s instead. To disable deprecation, use _CRT_SECURE_NO_WARNINGS. See online help for details.
          C:\Program Files (x86)\Microsoft Visual Studio 12.0\VC\include\stdio.h(356) : see declaration of 'sprintf'
..\..\examples\SharedMemory\PhysicsClient.cpp(334): warning C4996: 'sprintf': This function or variable may be unsafe. Consider using sprintf_s instead. To disable deprecation, use _CRT_SECURE_NO_WARNINGS. See online help for details.
          C:\Program Files (x86)\Microsoft Visual Studio 12.0\VC\include\stdio.h(356) : see declaration of 'sprintf'
..\..\examples\SharedMemory\PhysicsClient.cpp(339): warning C4996: 'sprintf': This function or variable may be unsafe. Consider using sprintf_s instead. To disable deprecation, use _CRT_SECURE_NO_WARNINGS. See online help for details.
          C:\Program Files (x86)\Microsoft Visual Studio 12.0\VC\include\stdio.h(356) : see declaration of 'sprintf'
..\..\examples\SharedMemory\PhysicsClient.cpp(345): warning C4996: 'sprintf': This function or variable may be unsafe. Consider using sprintf_s instead. To disable deprecation, use _CRT_SECURE_NO_WARNINGS. See online help for details.
          C:\Program Files (x86)\Microsoft Visual Studio 12.0\VC\include\stdio.h(356) : see declaration of 'sprintf'
..\..\examples\SharedMemory\PhysicsClient.cpp(348): warning C4996: 'sprintf': This function or variable may be unsafe. Consider using sprintf_s instead. To disable deprecation, use _CRT_SECURE_NO_WARNINGS. See online help for details.
          C:\Program Files (x86)\Microsoft Visual Studio 12.0\VC\include\stdio.h(356) : see declaration of 'sprintf'
..\..\examples\SharedMemory\PhysicsClient.cpp(351): warning C4996: 'sprintf': This function or variable may be unsafe. Consider using sprintf_s instead. To disable deprecation, use _CRT_SECURE_NO_WARNINGS. See online help for details.
          C:\Program Files (x86)\Microsoft Visual Studio 12.0\VC\include\stdio.h(356) : see declaration of 'sprintf'
  BenchmarkDemo.cpp
  ForkLiftDemo.cpp
..\..\examples\Tutorial\Tutorial.cpp(167): warning C4244: 'argument' : conversion from 'double' to 'const b3Scalar', possible loss of data
..\..\examples\Tutorial\Tutorial.cpp(181): warning C4244: 'argument' : conversion from 'double' to 'const b3Scalar', possible loss of data
..\..\examples\Tutorial\Tutorial.cpp(186): warning C4244: 'argument' : conversion from 'double' to 'const b3Scalar', possible loss of data
..\..\examples\Tutorial\Tutorial.cpp(204): warning C4244: '=' : conversion from 'double' to 'b3Scalar', possible loss of data
..\..\examples\Tutorial\Tutorial.cpp(210): warning C4244: 'argument' : conversion from 'double' to 'const b3Scalar', possible loss of data
..\..\examples\Tutorial\Tutorial.cpp(215): warning C4244: 'argument' : conversion from 'double' to 'btScalar', possible loss of data
..\..\examples\Tutorial\Tutorial.cpp(217): warning C4244: 'argument' : conversion from 'double' to 'btScalar', possible loss of data
..\..\examples\Tutorial\Tutorial.cpp(388): warning C4316: 'LWRigidBody' : object allocated on the heap may not be aligned 16
..\..\examples\Tutorial\Tutorial.cpp(392): warning C4244: 'argument' : conversion from 'int' to 'const b3Scalar', possible loss of data
..\..\examples\Tutorial\Tutorial.cpp(410): warning C4996: 'sprintf': This function or variable may be unsafe. Consider using sprintf_s instead. To disable deprecation, use _CRT_SECURE_NO_WARNINGS. See online help for details.
          C:\Program Files (x86)\Microsoft Visual Studio 12.0\VC\include\stdio.h(356) : see declaration of 'sprintf'
..\..\examples\Tutorial\Tutorial.cpp(438): warning C4244: '=' : conversion from 'double' to 'b3Scalar', possible loss of data
..\..\examples\Tutorial\Tutorial.cpp(441): warning C4244: '=' : conversion from 'double' to 'b3Scalar', possible loss of data
  BspConverter.cpp
  BspLoader.cpp
  ImportBspExample.cpp
  SerializeSetup.cpp
..\..\examples\Importers\ImportBsp\BspLoader.cpp(173): warning C4996: 'sscanf': This function or variable may be unsafe. Consider using sscanf_s instead. To disable deprecation, use _CRT_SECURE_NO_WARNINGS. See online help for details.
          C:\Program Files (x86)\Microsoft Visual Studio 12.0\VC\include\stdio.h(304) : see declaration of 'sscanf'
..\..\examples\Importers\ImportBsp\BspLoader.cpp(195): warning C4996: 'strcpy': This function or variable may be unsafe. Consider using strcpy_s instead. To disable deprecation, use _CRT_SECURE_NO_WARNINGS. See online help for details.
          C:\Program Files (x86)\Microsoft Visual Studio 12.0\VC\include\string.h(112) : see declaration of 'strcpy'
..\..\examples\Importers\ImportBsp\BspLoader.cpp(355): warning C4996: 'strcpy': This function or variable may be unsafe. Consider using strcpy_s instead. To disable deprecation, use _CRT_SECURE_NO_WARNINGS. See online help for details.
          C:\Program Files (x86)\Microsoft Visual Studio 12.0\VC\include\string.h(112) : see declaration of 'strcpy'
..\..\examples\SharedMemory\PhysicsServer.cpp(477): warning C4244: '=' : conversion from 'const double' to 'btScalar', possible loss of data
..\..\examples\SharedMemory\PhysicsServer.cpp(478): warning C4244: '=' : conversion from 'const double' to 'btScalar', possible loss of data
..\..\examples\SharedMemory\PhysicsServer.cpp(479): warning C4244: '=' : conversion from 'const double' to 'btScalar', possible loss of data
..\..\examples\SharedMemory\PhysicsServer.cpp(483): warning C4244: '=' : conversion from 'const double' to 'btScalar', possible loss of data
..\..\examples\SharedMemory\PhysicsServer.cpp(484): warning C4244: '=' : conversion from 'const double' to 'btScalar', possible loss of data
..\..\examples\SharedMemory\PhysicsServer.cpp(485): warning C4244: '=' : conversion from 'const double' to 'btScalar', possible loss of data
..\..\examples\SharedMemory\PhysicsServer.cpp(486): warning C4244: '=' : conversion from 'const double' to 'btScalar', possible loss of data
..\..\examples\SharedMemory\PhysicsServer.cpp(488): warning C4800: 'const int' : forcing value to bool 'true' or 'false' (performance warning)
..\..\examples\SharedMemory\PhysicsServer.cpp(489): warning C4800: 'const int' : forcing value to bool 'true' or 'false' (performance warning)
..\..\examples\SharedMemory\PhysicsServer.cpp(536): warning C4316: 'btMultiBodyJointFeedback' : object allocated on the heap may not be aligned 16
..\..\examples\SharedMemory\PhysicsServer.cpp(599): warning C4244: 'argument' : conversion from 'const double' to 'const btScalar', possible loss of data
..\..\examples\SharedMemory\PhysicsServer.cpp(602): warning C4244: 'argument' : conversion from 'const double' to 'const btScalar', possible loss of data
..\..\examples\SharedMemory\PhysicsServer.cpp(612): warning C4244: 'argument' : conversion from 'double' to 'btScalar', possible loss of data
..\..\examples\SharedMemory\PhysicsServer.cpp(637): warning C4244: 'initializing' : conversion from 'const double' to 'btScalar', possible loss of data
..\..\examples\SharedMemory\PhysicsServer.cpp(640): warning C4244: 'initializing' : conversion from 'const double' to 'btScalar', possible loss of data
..\..\examples\SharedMemory\PhysicsServer.cpp(772): warning C4244: 'argument' : conversion from 'const double' to 'const btScalar', possible loss of data
..\..\examples\SharedMemory\PhysicsServer.cpp(819): warning C4244: 'argument' : conversion from 'const double' to 'const btScalar', possible loss of data
..\..\examples\SharedMemory\PhysicsServer.cpp(828): warning C4244: 'argument' : conversion from 'const double' to 'const btScalar', possible loss of data
..\..\examples\SharedMemory\PhysicsServer.cpp(839): warning C4244: 'argument' : conversion from 'const double' to 'const btScalar', possible loss of data
  ImportColladaSetup.cpp
c:\bnu\modules\co667 game engine development\merlin\libraries\bullet3-2.83.6\examples\tutorial\../CommonInterfaces/CommonRigidBodyBase.h(165): warning C4996: 'fopen': This function or variable may be unsafe. Consider using fopen_s instead. To disable deprecation, use _CRT_SECURE_NO_WARNINGS. See online help for details. (..\..\examples\Tutorial\Dof6ConstraintTutorial.cpp)
          C:\Program Files (x86)\Microsoft Visual Studio 12.0\VC\include\stdio.h(211) : see declaration of 'fopen'
..\..\examples\Tutorial\Dof6ConstraintTutorial.cpp(533): warning C4316: 'Dof6ConstraintTutorial' : object allocated on the heap may not be aligned 16
c:\bnu\modules\co667 game engine development\merlin\libraries\bullet3-2.83.6\examples\basicdemo\../CommonInterfaces/CommonRigidBodyBase.h(165): warning C4996: 'fopen': This function or variable may be unsafe. Consider using fopen_s instead. To disable deprecation, use _CRT_SECURE_NO_WARNINGS. See online help for details. (..\..\examples\BasicDemo\BasicExample.cpp)
          C:\Program Files (x86)\Microsoft Visual Studio 12.0\VC\include\stdio.h(211) : see declaration of 'fopen'
..\..\examples\BasicDemo\BasicExample.cpp(142): warning C4316: 'BasicExample' : object allocated on the heap may not be aligned 16
..\..\examples\ForkLift\ForkLiftDemo.cpp(535): warning C4244: 'argument' : conversion from 'double' to 'const btScalar', possible loss of data
..\..\examples\ForkLift\ForkLiftDemo.cpp(538): warning C4244: 'argument' : conversion from 'double' to 'const btScalar', possible loss of data
..\..\examples\ForkLift\ForkLiftDemo.cpp(541): warning C4244: 'argument' : conversion from 'double' to 'const btScalar', possible loss of data
..\..\examples\ForkLift\ForkLiftDemo.cpp(544): warning C4244: 'argument' : conversion from 'double' to 'const btScalar', possible loss of data
..\..\examples\ForkLift\ForkLiftDemo.cpp(1214): warning C4316: 'ForkLiftDemo' : object allocated on the heap may not be aligned 16
  LoadMeshFromCollada.cpp
C:\BNU\Modules\CO667 Game Engine Development\Merlin\libraries\bullet3-2.83.6\examples\ExampleBrowser\../CommonInterfaces/CommonRigidBodyBase.h(165): warning C4996: 'fopen': This function or variable may be unsafe. Consider using fopen_s instead. To disable deprecation, use _CRT_SECURE_NO_WARNINGS. See online help for details. (..\..\examples\Importers\ImportBsp\ImportBspExample.cpp)
          C:\Program Files (x86)\Microsoft Visual Studio 12.0\VC\include\stdio.h(211) : see declaration of 'fopen'
..\..\examples\Importers\ImportBsp\ImportBspExample.cpp(190): warning C4996: 'sprintf': This function or variable may be unsafe. Consider using sprintf_s instead. To disable deprecation, use _CRT_SECURE_NO_WARNINGS. See online help for details.
          C:\Program Files (x86)\Microsoft Visual Studio 12.0\VC\include\stdio.h(356) : see declaration of 'sprintf'
..\..\examples\Importers\ImportBsp\ImportBspExample.cpp(191): warning C4996: 'fopen': This function or variable may be unsafe. Consider using fopen_s instead. To disable deprecation, use _CRT_SECURE_NO_WARNINGS. See online help for details.
          C:\Program Files (x86)\Microsoft Visual Studio 12.0\VC\include\stdio.h(211) : see declaration of 'fopen'
c:\bnu\modules\co667 game engine development\merlin\libraries\bullet3-2.83.6\examples\benchmarks\../CommonInterfaces/CommonRigidBodyBase.h(165): warning C4996: 'fopen': This function or variable may be unsafe. Consider using fopen_s instead. To disable deprecation, use _CRT_SECURE_NO_WARNINGS. See online help for details. (..\..\examples\Benchmarks\BenchmarkDemo.cpp)
          C:\Program Files (x86)\Microsoft Visual Studio 12.0\VC\include\stdio.h(211) : see declaration of 'fopen'
..\..\examples\Importers\ImportBsp\ImportBspExample.cpp(288): warning C4099: 'CommonExampleInterface' : type name first seen using 'class' now seen using 'struct'
          c:\bnu\modules\co667 game engine development\merlin\libraries\bullet3-2.83.6\examples\commoninterfaces\CommonExampleInterface.h(25) : see declaration of 'CommonExampleInterface'
..\..\examples\Importers\ImportBsp\ImportBspExample.cpp(290): warning C4316: 'BspDemo' : object allocated on the heap may not be aligned 16
C:\BNU\Modules\CO667 Game Engine Development\Merlin\libraries\bullet3-2.83.6\examples\ExampleBrowser\../CommonInterfaces/CommonRigidBodyBase.h(165): warning C4996: 'fopen': This function or variable may be unsafe. Consider using fopen_s instead. To disable deprecation, use _CRT_SECURE_NO_WARNINGS. See online help for details. (..\..\examples\Importers\ImportBullet\SerializeSetup.cpp)
          C:\Program Files (x86)\Microsoft Visual Studio 12.0\VC\include\stdio.h(211) : see declaration of 'fopen'
  ImportObjExample.cpp
..\..\examples\Importers\ImportBullet\SerializeSetup.cpp(65): warning C4996: 'sprintf': This function or variable may be unsafe. Consider using sprintf_s instead. To disable deprecation, use _CRT_SECURE_NO_WARNINGS. See online help for details.
          C:\Program Files (x86)\Microsoft Visual Studio 12.0\VC\include\stdio.h(356) : see declaration of 'sprintf'
..\..\examples\Importers\ImportBullet\SerializeSetup.cpp(66): warning C4996: 'fopen': This function or variable may be unsafe. Consider using fopen_s instead. To disable deprecation, use _CRT_SECURE_NO_WARNINGS. See online help for details.
          C:\Program Files (x86)\Microsoft Visual Studio 12.0\VC\include\stdio.h(211) : see declaration of 'fopen'
..\..\examples\Importers\ImportBullet\SerializeSetup.cpp(96): warning C4996: 'fopen': This function or variable may be unsafe. Consider using fopen_s instead. To disable deprecation, use _CRT_SECURE_NO_WARNINGS. See online help for details.
          C:\Program Files (x86)\Microsoft Visual Studio 12.0\VC\include\stdio.h(211) : see declaration of 'fopen'
..\..\examples\Importers\ImportBullet\SerializeSetup.cpp(113): warning C4316: 'SerializeSetup' : object allocated on the heap may not be aligned 16
  LoadMeshFromObj.cpp
..\..\examples\Benchmarks\BenchmarkDemo.cpp(1276): warning C4099: 'CommonExampleInterface' : type name first seen using 'class' now seen using 'struct'
          c:\bnu\modules\co667 game engine development\merlin\libraries\bullet3-2.83.6\examples\commoninterfaces\CommonExampleInterface.h(25) : see declaration of 'CommonExampleInterface'
..\..\examples\Benchmarks\BenchmarkDemo.cpp(1278): warning C4316: 'BenchmarkDemo' : object allocated on the heap may not be aligned 16
  Wavefront2GLInstanceGraphicsShape.cpp
C:\BNU\Modules\CO667 Game Engine Development\Merlin\libraries\bullet3-2.83.6\src\Bullet3Common/b3FileUtils.h(21): warning C4996: 'fopen': This function or variable may be unsafe. Consider using fopen_s instead. To disable deprecation, use _CRT_SECURE_NO_WARNINGS. See online help for details. (..\..\examples\Importers\ImportColladaDemo\ImportColladaSetup.cpp)
          C:\Program Files (x86)\Microsoft Visual Studio 12.0\VC\include\stdio.h(211) : see declaration of 'fopen'
C:\BNU\Modules\CO667 Game Engine Development\Merlin\libraries\bullet3-2.83.6\src\Bullet3Common/b3FileUtils.h(25): warning C4996: 'sprintf': This function or variable may be unsafe. Consider using sprintf_s instead. To disable deprecation, use _CRT_SECURE_NO_WARNINGS. See online help for details. (..\..\examples\Importers\ImportColladaDemo\ImportColladaSetup.cpp)
          C:\Program Files (x86)\Microsoft Visual Studio 12.0\VC\include\stdio.h(356) : see declaration of 'sprintf'
C:\BNU\Modules\CO667 Game Engine Development\Merlin\libraries\bullet3-2.83.6\src\Bullet3Common/b3FileUtils.h(44): warning C4996: 'fopen': This function or variable may be unsafe. Consider using fopen_s instead. To disable deprecation, use _CRT_SECURE_NO_WARNINGS. See online help for details. (..\..\examples\Importers\ImportColladaDemo\ImportColladaSetup.cpp)
          C:\Program Files (x86)\Microsoft Visual Studio 12.0\VC\include\stdio.h(211) : see declaration of 'fopen'
  ImportSTLSetup.cpp
  BulletUrdfImporter.cpp
C:\BNU\Modules\CO667 Game Engine Development\Merlin\libraries\bullet3-2.83.6\src\Bullet3Common/b3FileUtils.h(21): warning C4996: 'fopen': This function or variable may be unsafe. Consider using fopen_s instead. To disable deprecation, use _CRT_SECURE_NO_WARNINGS. See online help for details. (..\..\examples\Importers\ImportColladaDemo\LoadMeshFromCollada.cpp)
          C:\Program Files (x86)\Microsoft Visual Studio 12.0\VC\include\stdio.h(211) : see declaration of 'fopen'
C:\BNU\Modules\CO667 Game Engine Development\Merlin\libraries\bullet3-2.83.6\src\Bullet3Common/b3FileUtils.h(25): warning C4996: 'sprintf': This function or variable may be unsafe. Consider using sprintf_s instead. To disable deprecation, use _CRT_SECURE_NO_WARNINGS. See online help for details. (..\..\examples\Importers\ImportColladaDemo\LoadMeshFromCollada.cpp)
          C:\Program Files (x86)\Microsoft Visual Studio 12.0\VC\include\stdio.h(356) : see declaration of 'sprintf'
C:\BNU\Modules\CO667 Game Engine Development\Merlin\libraries\bullet3-2.83.6\src\Bullet3Common/b3FileUtils.h(44): warning C4996: 'fopen': This function or variable may be unsafe. Consider using fopen_s instead. To disable deprecation, use _CRT_SECURE_NO_WARNINGS. See online help for details. (..\..\examples\Importers\ImportColladaDemo\LoadMeshFromCollada.cpp)
          C:\Program Files (x86)\Microsoft Visual Studio 12.0\VC\include\stdio.h(211) : see declaration of 'fopen'
..\..\examples\Importers\ImportColladaDemo\LoadMeshFromCollada.cpp(47): warning C4244: 'initializing' : conversion from 'double' to 'float', possible loss of data
..\..\examples\Importers\ImportColladaDemo\LoadMeshFromCollada.cpp(59): warning C4244: 'initializing' : conversion from 'int' to 'float', possible loss of data
..\..\examples\Importers\ImportColladaDemo\LoadMeshFromCollada.cpp(60): warning C4244: 'argument' : conversion from 'float' to 'const int', possible loss of data
  ImportURDFSetup.cpp
..\..\examples\Importers\ImportColladaDemo\LoadMeshFromCollada.cpp(496): warning C4244: '=' : conversion from 'double' to 'float', possible loss of data
C:\BNU\Modules\CO667 Game Engine Development\Merlin\libraries\bullet3-2.83.6\examples\ExampleBrowser\../CommonInterfaces/CommonRigidBodyBase.h(165): warning C4996: 'fopen': This function or variable may be unsafe. Consider using fopen_s instead. To disable deprecation, use _CRT_SECURE_NO_WARNINGS. See online help for details. (..\..\examples\Importers\ImportColladaDemo\ImportColladaSetup.cpp)
          C:\Program Files (x86)\Microsoft Visual Studio 12.0\VC\include\stdio.h(211) : see declaration of 'fopen'
..\..\examples\Importers\ImportColladaDemo\ImportColladaSetup.cpp(212): warning C4316: 'ImportColladaSetup' : object allocated on the heap may not be aligned 16
C:\BNU\Modules\CO667 Game Engine Development\Merlin\libraries\bullet3-2.83.6\src\Bullet3Common/b3FileUtils.h(21): warning C4996: 'fopen': This function or variable may be unsafe. Consider using fopen_s instead. To disable deprecation, use _CRT_SECURE_NO_WARNINGS. See online help for details. (..\..\examples\Importers\ImportURDFDemo\ImportURDFSetup.cpp)
          C:\Program Files (x86)\Microsoft Visual Studio 12.0\VC\include\stdio.h(211) : see declaration of 'fopen'
C:\BNU\Modules\CO667 Game Engine Development\Merlin\libraries\bullet3-2.83.6\src\Bullet3Common/b3FileUtils.h(25): warning C4996: 'sprintf': This function or variable may be unsafe. Consider using sprintf_s instead. To disable deprecation, use _CRT_SECURE_NO_WARNINGS. See online help for details. (..\..\examples\Importers\ImportURDFDemo\ImportURDFSetup.cpp)
          C:\Program Files (x86)\Microsoft Visual Studio 12.0\VC\include\stdio.h(356) : see declaration of 'sprintf'
C:\BNU\Modules\CO667 Game Engine Development\Merlin\libraries\bullet3-2.83.6\src\Bullet3Common/b3FileUtils.h(44): warning C4996: 'fopen': This function or variable may be unsafe. Consider using fopen_s instead. To disable deprecation, use _CRT_SECURE_NO_WARNINGS. See online help for details. (..\..\examples\Importers\ImportURDFDemo\ImportURDFSetup.cpp)
          C:\Program Files (x86)\Microsoft Visual Studio 12.0\VC\include\stdio.h(211) : see declaration of 'fopen'
  MyMultiBodyCreator.cpp
  ROSURDFImporter.cpp
C:\BNU\Modules\CO667 Game Engine Development\Merlin\libraries\bullet3-2.83.6\src\Bullet3Common/b3FileUtils.h(21): warning C4996: 'fopen': This function or variable may be unsafe. Consider using fopen_s instead. To disable deprecation, use _CRT_SECURE_NO_WARNINGS. See online help for details. (..\..\examples\Importers\ImportObjDemo\ImportObjExample.cpp)
          C:\Program Files (x86)\Microsoft Visual Studio 12.0\VC\include\stdio.h(211) : see declaration of 'fopen'
C:\BNU\Modules\CO667 Game Engine Development\Merlin\libraries\bullet3-2.83.6\src\Bullet3Common/b3FileUtils.h(25): warning C4996: 'sprintf': This function or variable may be unsafe. Consider using sprintf_s instead. To disable deprecation, use _CRT_SECURE_NO_WARNINGS. See online help for details. (..\..\examples\Importers\ImportObjDemo\ImportObjExample.cpp)
          C:\Program Files (x86)\Microsoft Visual Studio 12.0\VC\include\stdio.h(356) : see declaration of 'sprintf'
C:\BNU\Modules\CO667 Game Engine Development\Merlin\libraries\bullet3-2.83.6\src\Bullet3Common/b3FileUtils.h(44): warning C4996: 'fopen': This function or variable may be unsafe. Consider using fopen_s instead. To disable deprecation, use _CRT_SECURE_NO_WARNINGS. See online help for details. (..\..\examples\Importers\ImportObjDemo\ImportObjExample.cpp)
          C:\Program Files (x86)\Microsoft Visual Studio 12.0\VC\include\stdio.h(211) : see declaration of 'fopen'
C:\BNU\Modules\CO667 Game Engine Development\Merlin\libraries\bullet3-2.83.6\examples\ExampleBrowser\../CommonInterfaces/CommonRigidBodyBase.h(165): warning C4996: 'fopen': This function or variable may be unsafe. Consider using fopen_s instead. To disable deprecation, use _CRT_SECURE_NO_WARNINGS. See online help for details. (..\..\examples\Importers\ImportObjDemo\ImportObjExample.cpp)
          C:\Program Files (x86)\Microsoft Visual Studio 12.0\VC\include\stdio.h(211) : see declaration of 'fopen'
..\..\examples\Importers\ImportObjDemo\ImportObjExample.cpp(94): warning C4018: '<' : signed/unsigned mismatch
..\..\examples\Importers\ImportObjDemo\ImportObjExample.cpp(110): warning C4996: 'sprintf': This function or variable may be unsafe. Consider using sprintf_s instead. To disable deprecation, use _CRT_SECURE_NO_WARNINGS. See online help for details.
          C:\Program Files (x86)\Microsoft Visual Studio 12.0\VC\include\stdio.h(356) : see declaration of 'sprintf'
..\..\examples\Importers\ImportObjDemo\ImportObjExample.cpp(148): warning C4316: 'ImportObjSetup' : object allocated on the heap may not be aligned 16
c:\bnu\modules\co667 game engine development\merlin\libraries\bullet3-2.83.6\examples\importers\importurdfdemo\../ImportSTLDemo/LoadMeshFromSTL.h(21): warning C4996: 'fopen': This function or variable may be unsafe. Consider using fopen_s instead. To disable deprecation, use _CRT_SECURE_NO_WARNINGS. See online help for details. (..\..\examples\Importers\ImportURDFDemo\BulletUrdfImporter.cpp)
          C:\Program Files (x86)\Microsoft Visual Studio 12.0\VC\include\stdio.h(211) : see declaration of 'fopen'
c:\bnu\modules\co667 game engine development\merlin\libraries\bullet3-2.83.6\examples\importers\importstldemo\LoadMeshFromSTL.h(21): warning C4996: 'fopen': This function or variable may be unsafe. Consider using fopen_s instead. To disable deprecation, use _CRT_SECURE_NO_WARNINGS. See online help for details. (..\..\examples\Importers\ImportSTLDemo\ImportSTLSetup.cpp)
          C:\Program Files (x86)\Microsoft Visual Studio 12.0\VC\include\stdio.h(211) : see declaration of 'fopen'
C:\BNU\Modules\CO667 Game Engine Development\Merlin\libraries\bullet3-2.83.6\src\Bullet3Common/b3FileUtils.h(25): warning C4996: 'sprintf': This function or variable may be unsafe. Consider using sprintf_s instead. To disable deprecation, use _CRT_SECURE_NO_WARNINGS. See online help for details. (..\..\examples\Importers\ImportURDFDemo\BulletUrdfImporter.cpp)
          C:\Program Files (x86)\Microsoft Visual Studio 12.0\VC\include\stdio.h(356) : see declaration of 'sprintf'
C:\BNU\Modules\CO667 Game Engine Development\Merlin\libraries\bullet3-2.83.6\src\Bullet3Common/b3FileUtils.h(44): warning C4996: 'fopen': This function or variable may be unsafe. Consider using fopen_s instead. To disable deprecation, use _CRT_SECURE_NO_WARNINGS. See online help for details. (..\..\examples\Importers\ImportURDFDemo\BulletUrdfImporter.cpp)
          C:\Program Files (x86)\Microsoft Visual Studio 12.0\VC\include\stdio.h(211) : see declaration of 'fopen'
C:\BNU\Modules\CO667 Game Engine Development\Merlin\libraries\bullet3-2.83.6\examples\ExampleBrowser\../CommonInterfaces/CommonRigidBodyBase.h(165): warning C4996: 'fopen': This function or variable may be unsafe. Consider using fopen_s instead. To disable deprecation, use _CRT_SECURE_NO_WARNINGS. See online help for details. (..\..\examples\Importers\ImportSTLDemo\ImportSTLSetup.cpp)
          C:\Program Files (x86)\Microsoft Visual Studio 12.0\VC\include\stdio.h(211) : see declaration of 'fopen'
..\..\examples\Importers\ImportURDFDemo\BulletUrdfImporter.cpp(106): warning C4800: 'int' : forcing value to bool 'true' or 'false' (performance warning)
  URDF2Bullet.cpp
..\..\examples\Importers\ImportURDFDemo\BulletUrdfImporter.cpp(213): warning C4244: '=' : conversion from 'double' to 'btScalar', possible loss of data
..\..\examples\Importers\ImportURDFDemo\BulletUrdfImporter.cpp(216): warning C4244: 'argument' : conversion from 'double' to 'const btScalar', possible loss of data
..\..\examples\Importers\ImportURDFDemo\BulletUrdfImporter.cpp(244): warning C4244: '=' : conversion from 'double' to 'btScalar', possible loss of data
..\..\examples\Importers\ImportURDFDemo\BulletUrdfImporter.cpp(245): warning C4244: '=' : conversion from 'double' to 'btScalar', possible loss of data
..\..\examples\Importers\ImportURDFDemo\BulletUrdfImporter.cpp(280): warning C4244: 'initializing' : conversion from 'const double' to 'btScalar', possible loss of data
..\..\examples\Importers\ImportURDFDemo\BulletUrdfImporter.cpp(281): warning C4244: 'initializing' : conversion from 'const double' to 'btScalar', possible loss of data
..\..\examples\Importers\ImportURDFDemo\BulletUrdfImporter.cpp(283): warning C4244: 'argument' : conversion from 'double' to 'const btScalar', possible loss of data
..\..\examples\Importers\ImportURDFDemo\BulletUrdfImporter.cpp(285): warning C4244: '=' : conversion from 'double' to 'btScalar', possible loss of data
..\..\examples\Importers\ImportURDFDemo\BulletUrdfImporter.cpp(309): warning C4244: 'initializing' : conversion from 'const double' to 'btScalar', possible loss of data
..\..\examples\Importers\ImportURDFDemo\BulletUrdfImporter.cpp(338): warning C4996: 'sprintf': This function or variable may be unsafe. Consider using sprintf_s instead. To disable deprecation, use _CRT_SECURE_NO_WARNINGS. See online help for details.
          C:\Program Files (x86)\Microsoft Visual Studio 12.0\VC\include\stdio.h(356) : see declaration of 'sprintf'
..\..\examples\Importers\ImportURDFDemo\BulletUrdfImporter.cpp(341): warning C4996: 'sprintf': This function or variable may be unsafe. Consider using sprintf_s instead. To disable deprecation, use _CRT_SECURE_NO_WARNINGS. See online help for details.
          C:\Program Files (x86)\Microsoft Visual Studio 12.0\VC\include\stdio.h(356) : see declaration of 'sprintf'
..\..\examples\Importers\ImportURDFDemo\BulletUrdfImporter.cpp(357): warning C4996: 'sprintf': This function or variable may be unsafe. Consider using sprintf_s instead. To disable deprecation, use _CRT_SECURE_NO_WARNINGS. See online help for details.
          C:\Program Files (x86)\Microsoft Visual Studio 12.0\VC\include\stdio.h(356) : see declaration of 'sprintf'
..\..\examples\Importers\ImportURDFDemo\BulletUrdfImporter.cpp(358): warning C4996: 'fopen': This function or variable may be unsafe. Consider using fopen_s instead. To disable deprecation, use _CRT_SECURE_NO_WARNINGS. See online help for details.
          C:\Program Files (x86)\Microsoft Visual Studio 12.0\VC\include\stdio.h(211) : see declaration of 'fopen'
..\..\examples\Importers\ImportURDFDemo\BulletUrdfImporter.cpp(584): warning C4244: 'initializing' : conversion from 'const double' to 'btScalar', possible loss of data
..\..\examples\Importers\ImportURDFDemo\BulletUrdfImporter.cpp(585): warning C4244: 'initializing' : conversion from 'const double' to 'btScalar', possible loss of data
..\..\examples\Importers\ImportURDFDemo\BulletUrdfImporter.cpp(593): warning C4244: 'argument' : conversion from 'double' to 'const btScalar', possible loss of data
..\..\examples\Importers\ImportURDFDemo\BulletUrdfImporter.cpp(595): warning C4244: '=' : conversion from 'double' to 'btScalar', possible loss of data
..\..\examples\Importers\ImportURDFDemo\BulletUrdfImporter.cpp(625): warning C4244: 'initializing' : conversion from 'const double' to 'btScalar', possible loss of data
..\..\examples\Importers\ImportURDFDemo\BulletUrdfImporter.cpp(647): warning C4996: 'sprintf': This function or variable may be unsafe. Consider using sprintf_s instead. To disable deprecation, use _CRT_SECURE_NO_WARNINGS. See online help for details.
          C:\Program Files (x86)\Microsoft Visual Studio 12.0\VC\include\stdio.h(356) : see declaration of 'sprintf'
..\..\examples\Importers\ImportURDFDemo\BulletUrdfImporter.cpp(654): warning C4996: 'sprintf': This function or variable may be unsafe. Consider using sprintf_s instead. To disable deprecation, use _CRT_SECURE_NO_WARNINGS. See online help for details.
          C:\Program Files (x86)\Microsoft Visual Studio 12.0\VC\include\stdio.h(356) : see declaration of 'sprintf'
..\..\examples\Importers\ImportURDFDemo\BulletUrdfImporter.cpp(671): warning C4996: 'sprintf': This function or variable may be unsafe. Consider using sprintf_s instead. To disable deprecation, use _CRT_SECURE_NO_WARNINGS. See online help for details.
          C:\Program Files (x86)\Microsoft Visual Studio 12.0\VC\include\stdio.h(356) : see declaration of 'sprintf'
..\..\examples\Importers\ImportURDFDemo\BulletUrdfImporter.cpp(672): warning C4996: 'fopen': This function or variable may be unsafe. Consider using fopen_s instead. To disable deprecation, use _CRT_SECURE_NO_WARNINGS. See online help for details.
          C:\Program Files (x86)\Microsoft Visual Studio 12.0\VC\include\stdio.h(211) : see declaration of 'fopen'
..\..\examples\Importers\ImportSTLDemo\ImportSTLSetup.cpp(91): warning C4316: 'ImportSTLSetup' : object allocated on the heap may not be aligned 16
..\..\examples\Importers\ImportURDFDemo\MyMultiBodyCreator.cpp(64): warning C4316: 'GenericConstraintUserInfo' : object allocated on the heap may not be aligned 16
..\..\examples\Importers\ImportURDFDemo\MyMultiBodyCreator.cpp(147): warning C4316: 'GenericConstraintUserInfo' : object allocated on the heap may not be aligned 16
..\..\examples\Importers\ImportURDFDemo\MyMultiBodyCreator.cpp(171): warning C4316: 'GenericConstraintUserInfo' : object allocated on the heap may not be aligned 16
  UrdfParser.cpp
C:\BNU\Modules\CO667 Game Engine Development\Merlin\libraries\bullet3-2.83.6\examples\ExampleBrowser\../CommonInterfaces/CommonMultiBodyBase.h(333): warning C4316: 'btMultiBodyPoint2Point' : object allocated on the heap may not be aligned 16 (..\..\examples\Importers\ImportURDFDemo\ImportURDFSetup.cpp)
..\..\examples\Importers\ImportURDFDemo\ImportURDFSetup.cpp(112): warning C4996: 'fopen': This function or variable may be unsafe. Consider using fopen_s instead. To disable deprecation, use _CRT_SECURE_NO_WARNINGS. See online help for details.
          C:\Program Files (x86)\Microsoft Visual Studio 12.0\VC\include\stdio.h(211) : see declaration of 'fopen'
..\..\examples\Importers\ImportURDFDemo\ImportURDFSetup.cpp(120): warning C4996: 'fscanf': This function or variable may be unsafe. Consider using fscanf_s instead. To disable deprecation, use _CRT_SECURE_NO_WARNINGS. See online help for details.
          C:\Program Files (x86)\Microsoft Visual Studio 12.0\VC\include\stdio.h(230) : see declaration of 'fscanf'
..\..\examples\Importers\ImportURDFDemo\ImportURDFSetup.cpp(143): warning C4996: 'sprintf': This function or variable may be unsafe. Consider using sprintf_s instead. To disable deprecation, use _CRT_SECURE_NO_WARNINGS. See online help for details.
          C:\Program Files (x86)\Microsoft Visual Studio 12.0\VC\include\stdio.h(356) : see declaration of 'sprintf'
..\..\examples\Importers\ImportURDFDemo\ImportURDFSetup.cpp(291): warning C4996: 'sprintf': This function or variable may be unsafe. Consider using sprintf_s instead. To disable deprecation, use _CRT_SECURE_NO_WARNINGS. See online help for details.
          C:\Program Files (x86)\Microsoft Visual Studio 12.0\VC\include\stdio.h(356) : see declaration of 'sprintf'
..\..\examples\Importers\ImportURDFDemo\ImportURDFSetup.cpp(327): warning C4996: 'sprintf': This function or variable may be unsafe. Consider using sprintf_s instead. To disable deprecation, use _CRT_SECURE_NO_WARNINGS. See online help for details.
          C:\Program Files (x86)\Microsoft Visual Studio 12.0\VC\include\stdio.h(356) : see declaration of 'sprintf'
..\..\examples\Importers\ImportURDFDemo\ImportURDFSetup.cpp(423): warning C4316: 'ImportUrdfSetup' : object allocated on the heap may not be aligned 16
  urdfStringSplit.cpp
  btBulletWorldImporter.cpp
  btWorldImporter.cpp
  bChunk.cpp
c:\bnu\modules\co667 game engine development\merlin\libraries\bullet3-2.83.6\examples\importers\importurdfdemo\../ImportSTLDemo/LoadMeshFromSTL.h(21): warning C4996: 'fopen': This function or variable may be unsafe. Consider using fopen_s instead. To disable deprecation, use _CRT_SECURE_NO_WARNINGS. See online help for details. (..\..\examples\Importers\ImportURDFDemo\ROSURDFImporter.cpp)
          C:\Program Files (x86)\Microsoft Visual Studio 12.0\VC\include\stdio.h(211) : see declaration of 'fopen'
  bDNA.cpp
C:\BNU\Modules\CO667 Game Engine Development\Merlin\libraries\bullet3-2.83.6\src\Bullet3Common/b3FileUtils.h(25): warning C4996: 'sprintf': This function or variable may be unsafe. Consider using sprintf_s instead. To disable deprecation, use _CRT_SECURE_NO_WARNINGS. See online help for details. (..\..\examples\Importers\ImportURDFDemo\ROSURDFImporter.cpp)
          C:\Program Files (x86)\Microsoft Visual Studio 12.0\VC\include\stdio.h(356) : see declaration of 'sprintf'
C:\BNU\Modules\CO667 Game Engine Development\Merlin\libraries\bullet3-2.83.6\src\Bullet3Common/b3FileUtils.h(44): warning C4996: 'fopen': This function or variable may be unsafe. Consider using fopen_s instead. To disable deprecation, use _CRT_SECURE_NO_WARNINGS. See online help for details. (..\..\examples\Importers\ImportURDFDemo\ROSURDFImporter.cpp)
          C:\Program Files (x86)\Microsoft Visual Studio 12.0\VC\include\stdio.h(211) : see declaration of 'fopen'
..\..\examples\Importers\ImportURDFDemo\UrdfParser.cpp(25): warning C4244: 'argument' : conversion from 'double' to 'const float', possible loss of data
..\..\examples\Importers\ImportURDFDemo\UrdfParser.cpp(46): warning C4244: 'argument' : conversion from 'double' to 'const float', possible loss of data
..\..\examples\Importers\ImportURDFDemo\UrdfParser.cpp(134): warning C4244: 'argument' : conversion from 'double' to 'const btScalar', possible loss of data
..\..\examples\Importers\ImportURDFDemo\UrdfParser.cpp(752): warning C4316: 'UrdfMaterial' : object allocated on the heap may not be aligned 16
..\..\examples\Importers\ImportURDFDemo\UrdfParser.cpp(768): warning C4996: 'sprintf': This function or variable may be unsafe. Consider using sprintf_s instead. To disable deprecation, use _CRT_SECURE_NO_WARNINGS. See online help for details.
          C:\Program Files (x86)\Microsoft Visual Studio 12.0\VC\include\stdio.h(356) : see declaration of 'sprintf'
..\..\examples\Importers\ImportURDFDemo\UrdfParser.cpp(774): warning C4316: 'UrdfLink' : object allocated on the heap may not be aligned 16
..\..\examples\Importers\ImportURDFDemo\UrdfParser.cpp(822): warning C4316: 'UrdfJoint' : object allocated on the heap may not be aligned 16
  bFile.cpp
  btBulletFile.cpp
  Planar2D.cpp
  CoordinateSystemDemo.cpp
..\..\Extras\Serialize\BulletWorldImporter\btWorldImporter.cpp(1000): warning C4800: 'char' : forcing value to bool 'true' or 'false' (performance warning)
..\..\Extras\Serialize\BulletWorldImporter\btWorldImporter.cpp(1004): warning C4800: 'char' : forcing value to bool 'true' or 'false' (performance warning)
..\..\Extras\Serialize\BulletWorldImporter\btWorldImporter.cpp(1007): warning C4800: 'char' : forcing value to bool 'true' or 'false' (performance warning)
..\..\Extras\Serialize\BulletWorldImporter\btWorldImporter.cpp(1278): warning C4244: 'argument' : conversion from 'double' to 'btScalar', possible loss of data
..\..\Extras\Serialize\BulletWorldImporter\btWorldImporter.cpp(1327): warning C4800: 'char' : forcing value to bool 'true' or 'false' (performance warning)
..\..\Extras\Serialize\BulletWorldImporter\btWorldImporter.cpp(1327): warning C4244: 'argument' : conversion from 'double' to 'btScalar', possible loss of data
..\..\Extras\Serialize\BulletWorldImporter\btWorldImporter.cpp(1328): warning C4244: 'argument' : conversion from 'double' to 'btScalar', possible loss of data
..\..\Extras\Serialize\BulletWorldImporter\btWorldImporter.cpp(1330): warning C4800: 'char' : forcing value to bool 'true' or 'false' (performance warning)
..\..\Extras\Serialize\BulletWorldImporter\btWorldImporter.cpp(1330): warning C4244: 'argument' : conversion from 'double' to 'btScalar', possible loss of data
..\..\Extras\Serialize\BulletWorldImporter\btWorldImporter.cpp(1334): warning C4800: 'char' : forcing value to bool 'true' or 'false' (performance warning)
..\..\Extras\Serialize\BulletWorldImporter\btWorldImporter.cpp(1334): warning C4244: 'argument' : conversion from 'double' to 'btScalar', possible loss of data
..\..\Extras\Serialize\BulletWorldImporter\btWorldImporter.cpp(1335): warning C4244: 'argument' : conversion from 'double' to 'btScalar', possible loss of data
..\..\Extras\Serialize\BulletWorldImporter\btWorldImporter.cpp(1337): warning C4800: 'char' : forcing value to bool 'true' or 'false' (performance warning)
..\..\Extras\Serialize\BulletWorldImporter\btWorldImporter.cpp(1337): warning C4244: 'argument' : conversion from 'double' to 'btScalar', possible loss of data
  RaytracerSetup.cpp
..\..\Extras\Serialize\BulletFileLoader\btBulletFile.cpp(371): warning C4996: 'fopen': This function or variable may be unsafe. Consider using fopen_s instead. To disable deprecation, use _CRT_SECURE_NO_WARNINGS. See online help for details.
          C:\Program Files (x86)\Microsoft Visual Studio 12.0\VC\include\stdio.h(211) : see declaration of 'fopen'
..\..\Extras\Serialize\BulletFileLoader\bFile.cpp(70): warning C4996: 'fopen': This function or variable may be unsafe. Consider using fopen_s instead. To disable deprecation, use _CRT_SECURE_NO_WARNINGS. See online help for details.
          C:\Program Files (x86)\Microsoft Visual Studio 12.0\VC\include\stdio.h(211) : see declaration of 'fopen'
..\..\Extras\Serialize\BulletFileLoader\bFile.cpp(585): warning C4996: 'fopen': This function or variable may be unsafe. Consider using fopen_s instead. To disable deprecation, use _CRT_SECURE_NO_WARNINGS. See online help for details.
          C:\Program Files (x86)\Microsoft Visual Studio 12.0\VC\include\stdio.h(211) : see declaration of 'fopen'
..\..\examples\RenderingExamples\CoordinateSystemDemo.cpp(159): warning C4099: 'CommonExampleInterface' : type name first seen using 'class' now seen using 'struct'
          c:\bnu\modules\co667 game engine development\merlin\libraries\bullet3-2.83.6\examples\renderingexamples\../CommonInterfaces/CommonExampleInterface.h(25) : see declaration of 'CommonExampleInterface'
  RenderInstancingDemo.cpp
  TimeSeriesCanvas.cpp
  TimeSeriesExample.cpp
C:\BNU\Modules\CO667 Game Engine Development\Merlin\libraries\bullet3-2.83.6\examples\ThirdPartyLibs\urdf/urdfdom_headers/urdf_model/include/urdf_model/pose.h(82): warning C4101: 'e' : unreferenced local variable (..\..\examples\Importers\ImportURDFDemo\ROSURDFImporter.cpp)
c:\bnu\modules\co667 game engine development\merlin\libraries\bullet3-2.83.6\examples\thirdpartylibs\urdf\urdfdom_headers\urdf_model\include\urdf_model\color.h(76): warning C4244: 'argument' : conversion from 'double' to 'float', possible loss of data (..\..\examples\Importers\ImportURDFDemo\ROSURDFImporter.cpp)
c:\bnu\modules\co667 game engine development\merlin\libraries\bullet3-2.83.6\examples\thirdpartylibs\urdf\urdfdom_headers\urdf_model\include\urdf_model\color.h(78): warning C4101: 'e' : unreferenced local variable (..\..\examples\Importers\ImportURDFDemo\ROSURDFImporter.cpp)
  TimeSeriesFontData.cpp
..\..\examples\RenderingExamples\RenderInstancingDemo.cpp(56): warning C4244: 'argument' : conversion from 'int' to 'b3Scalar', possible loss of data
..\..\examples\RenderingExamples\RenderInstancingDemo.cpp(96): warning C4244: 'argument' : conversion from 'int' to 'b3Scalar', possible loss of data
..\..\examples\RenderingExamples\TimeSeriesCanvas.cpp(69): warning C4244: 'initializing' : conversion from 'double' to 'float', possible loss of data
  btConvexConvexMprAlgorithm.cpp
..\..\examples\RenderingExamples\TimeSeriesCanvas.cpp(133): warning C4244: 'argument' : conversion from 'float' to 'int', possible loss of data
..\..\examples\RenderingExamples\TimeSeriesCanvas.cpp(135): warning C4996: 'sprintf': This function or variable may be unsafe. Consider using sprintf_s instead. To disable deprecation, use _CRT_SECURE_NO_WARNINGS. See online help for details.
          C:\Program Files (x86)\Microsoft Visual Studio 12.0\VC\include\stdio.h(356) : see declaration of 'sprintf'
..\..\examples\RenderingExamples\TimeSeriesCanvas.cpp(136): warning C4244: 'argument' : conversion from 'float' to 'int', possible loss of data
..\..\examples\RenderingExamples\TimeSeriesCanvas.cpp(137): warning C4996: 'sprintf': This function or variable may be unsafe. Consider using sprintf_s instead. To disable deprecation, use _CRT_SECURE_NO_WARNINGS. See online help for details.
          C:\Program Files (x86)\Microsoft Visual Studio 12.0\VC\include\stdio.h(356) : see declaration of 'sprintf'
..\..\examples\RenderingExamples\TimeSeriesCanvas.cpp(138): warning C4244: 'argument' : conversion from 'float' to 'int', possible loss of data
..\..\examples\RenderingExamples\TimeSeriesCanvas.cpp(241): warning C4244: 'argument' : conversion from 'float' to 'int', possible loss of data
..\..\examples\RenderingExamples\TimeSeriesCanvas.cpp(258): warning C4244: 'argument' : conversion from 'float' to 'int', possible loss of data
..\..\examples\RenderingExamples\TimeSeriesCanvas.cpp(260): warning C4244: 'argument' : conversion from 'float' to 'int', possible loss of data
..\..\examples\RenderingExamples\TimeSeriesCanvas.cpp(271): warning C4996: 'sprintf': This function or variable may be unsafe. Consider using sprintf_s instead. To disable deprecation, use _CRT_SECURE_NO_WARNINGS. See online help for details.
          C:\Program Files (x86)\Microsoft Visual Studio 12.0\VC\include\stdio.h(356) : see declaration of 'sprintf'
..\..\examples\RenderingExamples\TimeSeriesCanvas.cpp(272): warning C4244: 'argument' : conversion from 'float' to 'int', possible loss of data
..\..\examples\RenderingExamples\TimeSeriesCanvas.cpp(300): warning C4244: 'argument' : conversion from 'float' to 'int', possible loss of data
..\..\examples\RenderingExamples\TimeSeriesCanvas.cpp(304): warning C4244: 'initializing' : conversion from 'float' to 'int', possible loss of data
..\..\examples\RenderingExamples\TimeSeriesCanvas.cpp(320): warning C4244: 'initializing' : conversion from 'float' to 'int', possible loss of data
  VoronoiFractureDemo.cpp
  SoftDemo.cpp
..\..\examples\Importers\ImportURDFDemo\ROSURDFImporter.cpp(214): warning C4244: '=' : conversion from 'double' to 'btScalar', possible loss of data
..\..\examples\Importers\ImportURDFDemo\ROSURDFImporter.cpp(215): warning C4244: 'argument' : conversion from 'double' to 'const btScalar', possible loss of data
..\..\examples\Importers\ImportURDFDemo\ROSURDFImporter.cpp(216): warning C4244: 'argument' : conversion from 'double' to 'const btScalar', possible loss of data
..\..\examples\Importers\ImportURDFDemo\ROSURDFImporter.cpp(217): warning C4244: 'argument' : conversion from 'double' to 'const btScalar', possible loss of data
..\..\examples\Importers\ImportURDFDemo\ROSURDFImporter.cpp(238): warning C4244: 'argument' : conversion from 'double' to 'const btScalar', possible loss of data
..\..\examples\Importers\ImportURDFDemo\ROSURDFImporter.cpp(239): warning C4244: 'argument' : conversion from 'const double' to 'const btScalar', possible loss of data
..\..\examples\Importers\ImportURDFDemo\ROSURDFImporter.cpp(240): warning C4244: 'argument' : conversion from 'const double' to 'const btScalar', possible loss of data
..\..\examples\Importers\ImportURDFDemo\ROSURDFImporter.cpp(269): warning C4244: '=' : conversion from 'double' to 'btScalar', possible loss of data
..\..\examples\Importers\ImportURDFDemo\ROSURDFImporter.cpp(270): warning C4244: '=' : conversion from 'double' to 'btScalar', possible loss of data
..\..\examples\Importers\ImportURDFDemo\ROSURDFImporter.cpp(303): warning C4244: 'argument' : conversion from 'double' to 'const btScalar', possible loss of data
..\..\examples\Importers\ImportURDFDemo\ROSURDFImporter.cpp(305): warning C4244: '=' : conversion from 'double' to 'btScalar', possible loss of data
..\..\examples\Importers\ImportURDFDemo\ROSURDFImporter.cpp(318): warning C4244: 'argument' : conversion from 'double' to 'const btScalar', possible loss of data
..\..\examples\Importers\ImportURDFDemo\ROSURDFImporter.cpp(329): warning C4244: 'initializing' : conversion from 'double' to 'btScalar', possible loss of data
..\..\examples\Importers\ImportURDFDemo\ROSURDFImporter.cpp(359): warning C4996: 'sprintf': This function or variable may be unsafe. Consider using sprintf_s instead. To disable deprecation, use _CRT_SECURE_NO_WARNINGS. See online help for details.
          C:\Program Files (x86)\Microsoft Visual Studio 12.0\VC\include\stdio.h(356) : see declaration of 'sprintf'
..\..\examples\Importers\ImportURDFDemo\ROSURDFImporter.cpp(362): warning C4996: 'sprintf': This function or variable may be unsafe. Consider using sprintf_s instead. To disable deprecation, use _CRT_SECURE_NO_WARNINGS. See online help for details.
          C:\Program Files (x86)\Microsoft Visual Studio 12.0\VC\include\stdio.h(356) : see declaration of 'sprintf'
..\..\examples\Importers\ImportURDFDemo\ROSURDFImporter.cpp(378): warning C4996: 'sprintf': This function or variable may be unsafe. Consider using sprintf_s instead. To disable deprecation, use _CRT_SECURE_NO_WARNINGS. See online help for details.
          C:\Program Files (x86)\Microsoft Visual Studio 12.0\VC\include\stdio.h(356) : see declaration of 'sprintf'
..\..\examples\Importers\ImportURDFDemo\ROSURDFImporter.cpp(379): warning C4996: 'fopen': This function or variable may be unsafe. Consider using fopen_s instead. To disable deprecation, use _CRT_SECURE_NO_WARNINGS. See online help for details.
          C:\Program Files (x86)\Microsoft Visual Studio 12.0\VC\include\stdio.h(211) : see declaration of 'fopen'
..\..\examples\Importers\ImportURDFDemo\ROSURDFImporter.cpp(613): warning C4244: 'argument' : conversion from 'double' to 'const btScalar', possible loss of data
..\..\examples\Importers\ImportURDFDemo\ROSURDFImporter.cpp(615): warning C4244: '=' : conversion from 'double' to 'btScalar', possible loss of data
..\..\examples\Importers\ImportURDFDemo\ROSURDFImporter.cpp(635): warning C4244: 'argument' : conversion from 'double' to 'const btScalar', possible loss of data
..\..\examples\Importers\ImportURDFDemo\ROSURDFImporter.cpp(646): warning C4244: 'initializing' : conversion from 'double' to 'btScalar', possible loss of data
..\..\examples\Importers\ImportURDFDemo\ROSURDFImporter.cpp(669): warning C4996: 'sprintf': This function or variable may be unsafe. Consider using sprintf_s instead. To disable deprecation, use _CRT_SECURE_NO_WARNINGS. See online help for details.
          C:\Program Files (x86)\Microsoft Visual Studio 12.0\VC\include\stdio.h(356) : see declaration of 'sprintf'
..\..\examples\Importers\ImportURDFDemo\ROSURDFImporter.cpp(676): warning C4996: 'sprintf': This function or variable may be unsafe. Consider using sprintf_s instead. To disable deprecation, use _CRT_SECURE_NO_WARNINGS. See online help for details.
          C:\Program Files (x86)\Microsoft Visual Studio 12.0\VC\include\stdio.h(356) : see declaration of 'sprintf'
..\..\examples\Importers\ImportURDFDemo\ROSURDFImporter.cpp(693): warning C4996: 'sprintf': This function or variable may be unsafe. Consider using sprintf_s instead. To disable deprecation, use _CRT_SECURE_NO_WARNINGS. See online help for details.
          C:\Program Files (x86)\Microsoft Visual Studio 12.0\VC\include\stdio.h(356) : see declaration of 'sprintf'
..\..\examples\Importers\ImportURDFDemo\ROSURDFImporter.cpp(694): warning C4996: 'fopen': This function or variable may be unsafe. Consider using fopen_s instead. To disable deprecation, use _CRT_SECURE_NO_WARNINGS. See online help for details.
          C:\Program Files (x86)\Microsoft Visual Studio 12.0\VC\include\stdio.h(211) : see declaration of 'fopen'
..\..\examples\Importers\ImportURDFDemo\ROSURDFImporter.cpp(856): warning C4244: 'argument' : conversion from 'const double' to 'const btScalar', possible loss of data
..\..\examples\Importers\ImportURDFDemo\ROSURDFImporter.cpp(857): warning C4244: 'argument' : conversion from 'const double' to 'const btScalar', possible loss of data
..\..\examples\Importers\ImportURDFDemo\ROSURDFImporter.cpp(888): warning C4244: 'argument' : conversion from 'const double' to 'const btScalar', possible loss of data
..\..\examples\Importers\ImportURDFDemo\ROSURDFImporter.cpp(889): warning C4244: 'argument' : conversion from 'const double' to 'const btScalar', possible loss of data
..\..\examples\RenderingExamples\RaytracerSetup.cpp(106): warning C4244: 'argument' : conversion from 'double' to 'const btScalar', possible loss of data
..\..\examples\RenderingExamples\RaytracerSetup.cpp(125): warning C4316: 'RaytracerInternalData' : object allocated on the heap may not be aligned 16
..\..\examples\RenderingExamples\RaytracerSetup.cpp(261): warning C4244: 'initializing' : conversion from 'double' to 'float', possible loss of data
..\..\examples\RenderingExamples\RaytracerSetup.cpp(302): warning C4244: 'argument' : conversion from 'int' to 'const btScalar', possible loss of data
..\..\examples\RenderingExamples\RaytracerSetup.cpp(303): warning C4244: 'argument' : conversion from 'int' to 'const btScalar', possible loss of data
..\..\examples\RenderingExamples\RaytracerSetup.cpp(337): warning C4244: 'initializing' : conversion from 'btScalar' to 'unsigned char', possible loss of data
..\..\examples\RenderingExamples\RaytracerSetup.cpp(338): warning C4244: 'initializing' : conversion from 'btScalar' to 'unsigned char', possible loss of data
..\..\examples\RenderingExamples\RaytracerSetup.cpp(339): warning C4244: 'initializing' : conversion from 'btScalar' to 'unsigned char', possible loss of data
..\..\examples\RenderingExamples\RaytracerSetup.cpp(294): warning C4101: 'y' : unreferenced local variable
c:\bnu\modules\co667 game engine development\merlin\libraries\bullet3-2.83.6\examples\planar2d\../CommonInterfaces/CommonRigidBodyBase.h(165): warning C4996: 'fopen': This function or variable may be unsafe. Consider using fopen_s instead. To disable deprecation, use _CRT_SECURE_NO_WARNINGS. See online help for details. (..\..\examples\Planar2D\Planar2D.cpp)
          C:\Program Files (x86)\Microsoft Visual Studio 12.0\VC\include\stdio.h(211) : see declaration of 'fopen'
..\..\examples\Planar2D\Planar2D.cpp(337): warning C4316: 'Planar2D' : object allocated on the heap may not be aligned 16
  RollingFrictionDemo.cpp
  btFractureBody.cpp
  btFractureDynamicsWorld.cpp
  FractureDemo.cpp
  MotorDemo.cpp
  ConstraintDemo.cpp
c:\bnu\modules\co667 game engine development\merlin\libraries\bullet3-2.83.6\examples\softdemo\../CommonInterfaces/CommonRigidBodyBase.h(165): warning C4996: 'fopen': This function or variable may be unsafe. Consider using fopen_s instead. To disable deprecation, use _CRT_SECURE_NO_WARNINGS. See online help for details. (..\..\examples\SoftDemo\SoftDemo.cpp)
          C:\Program Files (x86)\Microsoft Visual Studio 12.0\VC\include\stdio.h(211) : see declaration of 'fopen'
..\..\examples\SoftDemo\SoftDemo.cpp(426): warning C4244: 'argument' : conversion from 'int' to 'const btScalar', possible loss of data
..\..\examples\SoftDemo\SoftDemo.cpp(523): warning C4244: 'argument' : conversion from 'double' to 'const btScalar', possible loss of data
..\..\examples\SoftDemo\SoftDemo.cpp(524): warning C4244: 'argument' : conversion from 'double' to 'const btScalar', possible loss of data
..\..\examples\SoftDemo\SoftDemo.cpp(528): warning C4244: '=' : conversion from 'double' to 'btScalar', possible loss of data
..\..\examples\SoftDemo\SoftDemo.cpp(579): warning C4244: 'argument' : conversion from 'double' to 'const btScalar', possible loss of data
..\..\examples\SoftDemo\SoftDemo.cpp(676): warning C4244: 'argument' : conversion from 'int' to 'const btScalar', possible loss of data
..\..\examples\SoftDemo\SoftDemo.cpp(713): warning C4244: 'argument' : conversion from 'int' to 'const btScalar', possible loss of data
..\..\examples\SoftDemo\SoftDemo.cpp(869): warning C4244: '=' : conversion from 'double' to 'btScalar', possible loss of data
..\..\examples\SoftDemo\SoftDemo.cpp(936): warning C4244: 'argument' : conversion from 'double' to 'const btScalar', possible loss of data
..\..\examples\SoftDemo\SoftDemo.cpp(1294): warning C4244: 'argument' : conversion from 'int' to 'const btScalar', possible loss of data
c:\bnu\modules\co667 game engine development\merlin\libraries\bullet3-2.83.6\examples\voronoifracture\../CommonInterfaces/CommonRigidBodyBase.h(165): warning C4996: 'fopen': This function or variable may be unsafe. Consider using fopen_s instead. To disable deprecation, use _CRT_SECURE_NO_WARNINGS. See online help for details. (..\..\examples\VoronoiFracture\VoronoiFractureDemo.cpp)
          C:\Program Files (x86)\Microsoft Visual Studio 12.0\VC\include\stdio.h(211) : see declaration of 'fopen'
..\..\examples\SoftDemo\SoftDemo.cpp(1466): warning C4244: 'argument' : conversion from 'double' to 'const btScalar', possible loss of data
..\..\examples\SoftDemo\SoftDemo.cpp(1478): warning C4244: 'argument' : conversion from 'double' to 'btScalar', possible loss of data
..\..\examples\SoftDemo\SoftDemo.cpp(1482): warning C4244: 'argument' : conversion from 'double' to 'const btScalar', possible loss of data
..\..\examples\SoftDemo\SoftDemo.cpp(2354): warning C4316: 'SoftDemo' : object allocated on the heap may not be aligned 16
  ConstraintPhysicsSetup.cpp
..\..\examples\VoronoiFracture\VoronoiFractureDemo.cpp(722): warning C4244: 'argument' : conversion from 'double' to 'const btScalar', possible loss of data
..\..\examples\VoronoiFracture\VoronoiFractureDemo.cpp(729): warning C4244: 'argument' : conversion from 'double' to 'const btScalar', possible loss of data
..\..\examples\VoronoiFracture\VoronoiFractureDemo.cpp(737): warning C4244: 'argument' : conversion from 'double' to 'const btScalar', possible loss of data
..\..\examples\VoronoiFracture\VoronoiFractureDemo.cpp(829): warning C4316: 'VoronoiFractureDemo' : object allocated on the heap may not be aligned 16
c:\bnu\modules\co667 game engine development\merlin\libraries\bullet3-2.83.6\examples\rollingfrictiondemo\../CommonInterfaces/CommonRigidBodyBase.h(165): warning C4996: 'fopen': This function or variable may be unsafe. Consider using fopen_s instead. To disable deprecation, use _CRT_SECURE_NO_WARNINGS. See online help for details. (..\..\examples\RollingFrictionDemo\RollingFrictionDemo.cpp)
          C:\Program Files (x86)\Microsoft Visual Studio 12.0\VC\include\stdio.h(211) : see declaration of 'fopen'
  Dof6Spring2Setup.cpp
  TestHingeTorque.cpp
  Hinge2Vehicle.cpp
..\..\examples\RollingFrictionDemo\RollingFrictionDemo.cpp(241): warning C4996: 'fopen': This function or variable may be unsafe. Consider using fopen_s instead. To disable deprecation, use _CRT_SECURE_NO_WARNINGS. See online help for details.
          C:\Program Files (x86)\Microsoft Visual Studio 12.0\VC\include\stdio.h(211) : see declaration of 'fopen'
..\..\examples\RollingFrictionDemo\RollingFrictionDemo.cpp(237): warning C4101: 'p' : unreferenced local variable
..\..\examples\RollingFrictionDemo\RollingFrictionDemo.cpp(293): warning C4316: 'RollingFrictionDemo' : object allocated on the heap may not be aligned 16
c:\bnu\modules\co667 game engine development\merlin\libraries\bullet3-2.83.6\examples\fracturedemo\../CommonInterfaces/CommonRigidBodyBase.h(165): warning C4996: 'fopen': This function or variable may be unsafe. Consider using fopen_s instead. To disable deprecation, use _CRT_SECURE_NO_WARNINGS. See online help for details. (..\..\examples\FractureDemo\FractureDemo.cpp)
          C:\Program Files (x86)\Microsoft Visual Studio 12.0\VC\include\stdio.h(211) : see declaration of 'fopen'
..\..\examples\FractureDemo\FractureDemo.cpp(408): warning C4316: 'FractureDemo' : object allocated on the heap may not be aligned 16
c:\bnu\modules\co667 game engine development\merlin\libraries\bullet3-2.83.6\examples\dynamiccontroldemo\../CommonInterfaces/CommonRigidBodyBase.h(165): warning C4996: 'fopen': This function or variable may be unsafe. Consider using fopen_s instead. To disable deprecation, use _CRT_SECURE_NO_WARNINGS. See online help for details. (..\..\examples\DynamicControlDemo\MotorDemo.cpp)
          C:\Program Files (x86)\Microsoft Visual Studio 12.0\VC\include\stdio.h(211) : see declaration of 'fopen'
..\..\examples\DynamicControlDemo\MotorDemo.cpp(166): warning C4244: 'initializing' : conversion from 'double' to 'float', possible loss of data
..\..\examples\DynamicControlDemo\MotorDemo.cpp(206): warning C4244: 'initializing' : conversion from 'double' to 'float', possible loss of data
..\..\examples\DynamicControlDemo\MotorDemo.cpp(341): warning C4244: 'initializing' : conversion from 'double' to 'float', possible loss of data
..\..\examples\DynamicControlDemo\MotorDemo.cpp(359): warning C4244: 'initializing' : conversion from 'double' to 'btScalar', possible loss of data
..\..\examples\DynamicControlDemo\MotorDemo.cpp(449): warning C4316: 'MotorDemo' : object allocated on the heap may not be aligned 16
c:\bnu\modules\co667 game engine development\merlin\libraries\bullet3-2.83.6\examples\constraints\../CommonInterfaces/CommonRigidBodyBase.h(165): warning C4996: 'fopen': This function or variable may be unsafe. Consider using fopen_s instead. To disable deprecation, use _CRT_SECURE_NO_WARNINGS. See online help for details. (..\..\examples\Constraints\ConstraintDemo.cpp)
          C:\Program Files (x86)\Microsoft Visual Studio 12.0\VC\include\stdio.h(211) : see declaration of 'fopen'
..\..\examples\Constraints\ConstraintDemo.cpp(884): warning C4316: 'AllConstraintDemo' : object allocated on the heap may not be aligned 16
c:\bnu\modules\co667 game engine development\merlin\libraries\bullet3-2.83.6\examples\constraints\../CommonInterfaces/CommonRigidBodyBase.h(165): warning C4996: 'fopen': This function or variable may be unsafe. Consider using fopen_s instead. To disable deprecation, use _CRT_SECURE_NO_WARNINGS. See online help for details. (..\..\examples\Constraints\ConstraintPhysicsSetup.cpp)
          C:\Program Files (x86)\Microsoft Visual Studio 12.0\VC\include\stdio.h(211) : see declaration of 'fopen'
  RaytestDemo.cpp
..\..\examples\Constraints\ConstraintPhysicsSetup.cpp(160): warning C4316: 'ConstraintPhysicsSetup' : object allocated on the heap may not be aligned 16
  MultiDofDemo.cpp
  TestJointTorqueSetup.cpp
  MultiBodyConstraintFeedback.cpp
  InvertedPendulumPDControl.cpp
c:\bnu\modules\co667 game engine development\merlin\libraries\bullet3-2.83.6\examples\constraints\../CommonInterfaces/CommonRigidBodyBase.h(165): warning C4996: 'fopen': This function or variable may be unsafe. Consider using fopen_s instead. To disable deprecation, use _CRT_SECURE_NO_WARNINGS. See online help for details. (..\..\examples\Constraints\TestHingeTorque.cpp)
          C:\Program Files (x86)\Microsoft Visual Studio 12.0\VC\include\stdio.h(211) : see declaration of 'fopen'
..\..\examples\Constraints\TestHingeTorque.cpp(205): warning C4316: 'btJointFeedback' : object allocated on the heap may not be aligned 16
..\..\examples\Constraints\TestHingeTorque.cpp(242): warning C4316: 'TestHingeTorque' : object allocated on the heap may not be aligned 16
c:\bnu\modules\co667 game engine development\merlin\libraries\bullet3-2.83.6\examples\vehicles\../CommonInterfaces/CommonRigidBodyBase.h(165): warning C4996: 'fopen': This function or variable may be unsafe. Consider using fopen_s instead. To disable deprecation, use _CRT_SECURE_NO_WARNINGS. See online help for details. (..\..\examples\Vehicles\Hinge2Vehicle.cpp)
          C:\Program Files (x86)\Microsoft Visual Studio 12.0\VC\include\stdio.h(211) : see declaration of 'fopen'
..\..\examples\Vehicles\Hinge2Vehicle.cpp(574): warning C4101: 'i' : unreferenced local variable
..\..\examples\Vehicles\Hinge2Vehicle.cpp(573): warning C4101: 'm' : unreferenced local variable
..\..\examples\Vehicles\Hinge2Vehicle.cpp(1182): warning C4316: 'Hinge2Vehicle' : object allocated on the heap may not be aligned 16
c:\bnu\modules\co667 game engine development\merlin\libraries\bullet3-2.83.6\examples\constraints\../CommonInterfaces/CommonRigidBodyBase.h(165): warning C4996: 'fopen': This function or variable may be unsafe. Consider using fopen_s instead. To disable deprecation, use _CRT_SECURE_NO_WARNINGS. See online help for details. (..\..\examples\Constraints\Dof6Spring2Setup.cpp)
          C:\Program Files (x86)\Microsoft Visual Studio 12.0\VC\include\stdio.h(211) : see declaration of 'fopen'
..\..\examples\Constraints\Dof6Spring2Setup.cpp(364): warning C4244: 'argument' : conversion from 'int' to 'const btScalar', possible loss of data
..\..\examples\Constraints\Dof6Spring2Setup.cpp(404): warning C4244: 'argument' : conversion from 'int' to 'const btScalar', possible loss of data
..\..\examples\Constraints\Dof6Spring2Setup.cpp(423): warning C4244: 'argument' : conversion from 'int' to 'const btScalar', possible loss of data
..\..\examples\Constraints\Dof6Spring2Setup.cpp(502): warning C4316: 'Dof6Spring2Setup' : object allocated on the heap may not be aligned 16
  stb_image.cpp
..\..\examples\ThirdPartyLibs\stb_image\stb_image.cpp(228): warning C4996: 'fopen': This function or variable may be unsafe. Consider using fopen_s instead. To disable deprecation, use _CRT_SECURE_NO_WARNINGS. See online help for details.
          C:\Program Files (x86)\Microsoft Visual Studio 12.0\VC\include\stdio.h(211) : see declaration of 'fopen'
  tiny_obj_loader.cpp
..\..\examples\ThirdPartyLibs\stb_image\stb_image.cpp(290): warning C4996: 'fopen': This function or variable may be unsafe. Consider using fopen_s instead. To disable deprecation, use _CRT_SECURE_NO_WARNINGS. See online help for details.
          C:\Program Files (x86)\Microsoft Visual Studio 12.0\VC\include\stdio.h(211) : see declaration of 'fopen'
..\..\examples\ThirdPartyLibs\stb_image\stb_image.cpp(328): warning C4996: 'fopen': This function or variable may be unsafe. Consider using fopen_s instead. To disable deprecation, use _CRT_SECURE_NO_WARNINGS. See online help for details.
          C:\Program Files (x86)\Microsoft Visual Studio 12.0\VC\include\stdio.h(211) : see declaration of 'fopen'
..\..\examples\ThirdPartyLibs\stb_image\stb_image.cpp(4220): warning C4996: 'fopen': This function or variable may be unsafe. Consider using fopen_s instead. To disable deprecation, use _CRT_SECURE_NO_WARNINGS. See online help for details.
          C:\Program Files (x86)\Microsoft Visual Studio 12.0\VC\include\stdio.h(211) : see declaration of 'fopen'
c:\bnu\modules\co667 game engine development\merlin\libraries\bullet3-2.83.6\examples\raycast\../CommonInterfaces/CommonRigidBodyBase.h(165): warning C4996: 'fopen': This function or variable may be unsafe. Consider using fopen_s instead. To disable deprecation, use _CRT_SECURE_NO_WARNINGS. See online help for details. (..\..\examples\Raycast\RaytestDemo.cpp)
          C:\Program Files (x86)\Microsoft Visual Studio 12.0\VC\include\stdio.h(211) : see declaration of 'fopen'
..\..\examples\Raycast\RaytestDemo.cpp(74): warning C4244: '+=' : conversion from 'double' to 'float', possible loss of data
..\..\examples\Raycast\RaytestDemo.cpp(252): warning C4244: 'argument' : conversion from 'int' to 'const btScalar', possible loss of data
..\..\examples\Raycast\RaytestDemo.cpp(331): warning C4316: 'RaytestDemo' : object allocated on the heap may not be aligned 16
  tinystr.cpp
c:\bnu\modules\co667 game engine development\merlin\libraries\bullet3-2.83.6\examples\multibody\../CommonInterfaces/CommonMultiBodyBase.h(333): warning C4316: 'btMultiBodyPoint2Point' : object allocated on the heap may not be aligned 16 (..\..\examples\MultiBody\TestJointTorqueSetup.cpp)
c:\bnu\modules\co667 game engine development\merlin\libraries\bullet3-2.83.6\examples\multibody\../CommonInterfaces/CommonMultiBodyBase.h(333): warning C4316: 'btMultiBodyPoint2Point' : object allocated on the heap may not be aligned 16 (..\..\examples\MultiBody\MultiDofDemo.cpp)
  tinyxml.cpp
..\..\examples\MultiBody\MultiDofDemo.cpp(433): warning C4316: 'MultiDofDemo' : object allocated on the heap may not be aligned 16
  tinyxmlerror.cpp
c:\bnu\modules\co667 game engine development\merlin\libraries\bullet3-2.83.6\examples\multibody\../CommonInterfaces/CommonMultiBodyBase.h(333): warning C4316: 'btMultiBodyPoint2Point' : object allocated on the heap may not be aligned 16 (..\..\examples\MultiBody\InvertedPendulumPDControl.cpp)
c:\bnu\modules\co667 game engine development\merlin\libraries\bullet3-2.83.6\examples\multibody\../CommonInterfaces/CommonMultiBodyBase.h(333): warning C4316: 'btMultiBodyPoint2Point' : object allocated on the heap may not be aligned 16 (..\..\examples\MultiBody\MultiBodyConstraintFeedback.cpp)
..\..\examples\MultiBody\MultiBodyConstraintFeedback.cpp(161): warning C4244: 'initializing' : conversion from 'double' to 'float', possible loss of data
..\..\examples\MultiBody\MultiBodyConstraintFeedback.cpp(217): warning C4316: 'btMultiBodyJointFeedback' : object allocated on the heap may not be aligned 16
..\..\examples\MultiBody\MultiBodyConstraintFeedback.cpp(364): warning C4244: 'initializing' : conversion from 'float' to 'int', possible loss of data
..\..\examples\MultiBody\MultiBodyConstraintFeedback.cpp(366): warning C4244: 'argument' : conversion from 'int' to 'btScalar', possible loss of data
..\..\examples\MultiBody\MultiBodyConstraintFeedback.cpp(431): warning C4316: 'MultiBodyConstraintFeedbackSetup' : object allocated on the heap may not be aligned 16
  tinyxmlparser.cpp
  b3Clock.cpp
  b3ResourcePath.cpp
  GyroscopicSetup.cpp
  pose.cpp
..\..\examples\MultiBody\TestJointTorqueSetup.cpp(221): warning C4316: 'btMultiBodyJointFeedback' : object allocated on the heap may not be aligned 16
..\..\examples\MultiBody\TestJointTorqueSetup.cpp(375): warning C4996: 'fopen': This function or variable may be unsafe. Consider using fopen_s instead. To disable deprecation, use _CRT_SECURE_NO_WARNINGS. See online help for details.
          C:\Program Files (x86)\Microsoft Visual Studio 12.0\VC\include\stdio.h(211) : see declaration of 'fopen'
..\..\examples\MultiBody\TestJointTorqueSetup.cpp(371): warning C4101: 'p' : unreferenced local variable
..\..\examples\MultiBody\TestJointTorqueSetup.cpp(435): warning C4316: 'TestJointTorqueSetup' : object allocated on the heap may not be aligned 16
..\..\examples\ThirdPartyLibs\Wavefront\tiny_obj_loader.cpp(353): warning C4996: 'sscanf': This function or variable may be unsafe. Consider using sscanf_s instead. To disable deprecation, use _CRT_SECURE_NO_WARNINGS. See online help for details.
          C:\Program Files (x86)\Microsoft Visual Studio 12.0\VC\include\stdio.h(304) : see declaration of 'sscanf'
  model.cpp
..\..\examples\ThirdPartyLibs\Wavefront\tiny_obj_loader.cpp(589): warning C4996: 'sscanf': This function or variable may be unsafe. Consider using sscanf_s instead. To disable deprecation, use _CRT_SECURE_NO_WARNINGS. See online help for details.
          C:\Program Files (x86)\Microsoft Visual Studio 12.0\VC\include\stdio.h(304) : see declaration of 'sscanf'
..\..\examples\ThirdPartyLibs\Wavefront\tiny_obj_loader.cpp(605): warning C4996: 'sscanf': This function or variable may be unsafe. Consider using sscanf_s instead. To disable deprecation, use _CRT_SECURE_NO_WARNINGS. See online help for details.
          C:\Program Files (x86)\Microsoft Visual Studio 12.0\VC\include\stdio.h(304) : see declaration of 'sscanf'
..\..\examples\MultiBody\InvertedPendulumPDControl.cpp(222): warning C4316: 'btMultiBodyJointFeedback' : object allocated on the heap may not be aligned 16
..\..\examples\ThirdPartyLibs\Wavefront\tiny_obj_loader.cpp(661): warning C4996: 'sscanf': This function or variable may be unsafe. Consider using sscanf_s instead. To disable deprecation, use _CRT_SECURE_NO_WARNINGS. See online help for details.
          C:\Program Files (x86)\Microsoft Visual Studio 12.0\VC\include\stdio.h(304) : see declaration of 'sscanf'
..\..\examples\MultiBody\InvertedPendulumPDControl.cpp(423): warning C4996: 'sprintf': This function or variable may be unsafe. Consider using sprintf_s instead. To disable deprecation, use _CRT_SECURE_NO_WARNINGS. See online help for details.
          C:\Program Files (x86)\Microsoft Visual Studio 12.0\VC\include\stdio.h(356) : see declaration of 'sprintf'
..\..\examples\MultiBody\InvertedPendulumPDControl.cpp(472): warning C4316: 'InvertedPendulumPDControl' : object allocated on the heap may not be aligned 16
  link.cpp
C:\BNU\Modules\CO667 Game Engine Development\Merlin\libraries\bullet3-2.83.6\examples\ThirdPartyLibs\urdf/urdfdom_headers/urdf_model/include/urdf_model/pose.h(82): warning C4101: 'e' : unreferenced local variable (..\..\examples\ThirdPartyLibs\urdf\urdfdom\urdf_parser\src\pose.cpp)
  joint.cpp
c:\bnu\modules\co667 game engine development\merlin\libraries\bullet3-2.83.6\examples\gyroscopicdemo\../CommonInterfaces/CommonRigidBodyBase.h(165): warning C4996: 'fopen': This function or variable may be unsafe. Consider using fopen_s instead. To disable deprecation, use _CRT_SECURE_NO_WARNINGS. See online help for details. (..\..\examples\GyroscopicDemo\GyroscopicSetup.cpp)
          C:\Program Files (x86)\Microsoft Visual Studio 12.0\VC\include\stdio.h(211) : see declaration of 'fopen'
..\..\examples\GyroscopicDemo\GyroscopicSetup.cpp(137): warning C4316: 'GyroscopicSetup' : object allocated on the heap may not be aligned 16
  printf_console.cpp
  string_split.cpp
C:\BNU\Modules\CO667 Game Engine Development\Merlin\libraries\bullet3-2.83.6\src\Bullet3Common/b3FileUtils.h(21): warning C4996: 'fopen': This function or variable may be unsafe. Consider using fopen_s instead. To disable deprecation, use _CRT_SECURE_NO_WARNINGS. See online help for details. (..\..\examples\Utils\b3ResourcePath.cpp)
          C:\Program Files (x86)\Microsoft Visual Studio 12.0\VC\include\stdio.h(211) : see declaration of 'fopen'
C:\BNU\Modules\CO667 Game Engine Development\Merlin\libraries\bullet3-2.83.6\src\Bullet3Common/b3FileUtils.h(25): warning C4996: 'sprintf': This function or variable may be unsafe. Consider using sprintf_s instead. To disable deprecation, use _CRT_SECURE_NO_WARNINGS. See online help for details. (..\..\examples\Utils\b3ResourcePath.cpp)
          C:\Program Files (x86)\Microsoft Visual Studio 12.0\VC\include\stdio.h(356) : see declaration of 'sprintf'
C:\BNU\Modules\CO667 Game Engine Development\Merlin\libraries\bullet3-2.83.6\src\Bullet3Common/b3FileUtils.h(44): warning C4996: 'fopen': This function or variable may be unsafe. Consider using fopen_s instead. To disable deprecation, use _CRT_SECURE_NO_WARNINGS. See online help for details. (..\..\examples\Utils\b3ResourcePath.cpp)
          C:\Program Files (x86)\Microsoft Visual Studio 12.0\VC\include\stdio.h(211) : see declaration of 'fopen'
..\..\examples\Utils\b3ResourcePath.cpp(67): warning C4996: 'sprintf': This function or variable may be unsafe. Consider using sprintf_s instead. To disable deprecation, use _CRT_SECURE_NO_WARNINGS. See online help for details.
          C:\Program Files (x86)\Microsoft Visual Studio 12.0\VC\include\stdio.h(356) : see declaration of 'sprintf'
..\..\examples\Utils\b3ResourcePath.cpp(74): warning C4996: 'sprintf': This function or variable may be unsafe. Consider using sprintf_s instead. To disable deprecation, use _CRT_SECURE_NO_WARNINGS. See online help for details.
          C:\Program Files (x86)\Microsoft Visual Studio 12.0\VC\include\stdio.h(356) : see declaration of 'sprintf'
  PairBench.cpp
  GpuConvexScene.cpp
  GpuRigidBodyDemo.cpp
C:\BNU\Modules\CO667 Game Engine Development\Merlin\libraries\bullet3-2.83.6\examples\ThirdPartyLibs\urdf/urdfdom_headers/urdf_model/include/urdf_model/pose.h(82): warning C4101: 'e' : unreferenced local variable (..\..\examples\ThirdPartyLibs\urdf\urdfdom\urdf_parser\src\model.cpp)
c:\bnu\modules\co667 game engine development\merlin\libraries\bullet3-2.83.6\examples\thirdpartylibs\urdf\urdfdom_headers\urdf_model\include\urdf_model\color.h(76): warning C4244: 'argument' : conversion from 'double' to 'float', possible loss of data (..\..\examples\ThirdPartyLibs\urdf\urdfdom\urdf_parser\src\model.cpp)
c:\bnu\modules\co667 game engine development\merlin\libraries\bullet3-2.83.6\examples\thirdpartylibs\urdf\urdfdom_headers\urdf_model\include\urdf_model\color.h(78): warning C4101: 'e' : unreferenced local variable (..\..\examples\ThirdPartyLibs\urdf\urdfdom\urdf_parser\src\model.cpp)
..\..\examples\OpenCL\broadphase\PairBench.cpp(331): warning C4244: 'argument' : conversion from 'double' to 'b3Scalar', possible loss of data
..\..\examples\OpenCL\broadphase\PairBench.cpp(377): warning C4244: 'argument' : conversion from 'int' to 'b3Scalar', possible loss of data
c:\bnu\modules\co667 game engine development\merlin\libraries\bullet3-2.83.6\examples\opencl\rigidbody\GpuRigidBodyDemoInternalData.h(20): warning C4099: 'b3DynamicBvhBroadphase' : type name first seen using 'struct' now seen using 'class' (..\..\examples\OpenCL\rigidbody\GpuConvexScene.cpp)
          C:\BNU\Modules\CO667 Game Engine Development\Merlin\libraries\bullet3-2.83.6\src\Bullet3OpenCL/RigidBody/b3GpuRigidBodyPipeline.h(35) : see declaration of 'b3DynamicBvhBroadphase'
c:\bnu\modules\co667 game engine development\merlin\libraries\bullet3-2.83.6\examples\opencl\rigidbody\GpuRigidBodyDemoInternalData.h(20): warning C4099: 'b3DynamicBvhBroadphase' : type name first seen using 'struct' now seen using 'class' (..\..\examples\OpenCL\rigidbody\GpuRigidBodyDemo.cpp)
          C:\BNU\Modules\CO667 Game Engine Development\Merlin\libraries\bullet3-2.83.6\src\Bullet3OpenCL/RigidBody/b3GpuRigidBodyPipeline.h(35) : see declaration of 'b3DynamicBvhBroadphase'
C:\BNU\Modules\CO667 Game Engine Development\Merlin\libraries\bullet3-2.83.6\examples\ThirdPartyLibs\urdf/urdfdom_headers/urdf_model/include/urdf_model/pose.h(82): warning C4101: 'e' : unreferenced local variable (..\..\examples\ThirdPartyLibs\urdf\urdfdom\urdf_parser\src\link.cpp)
..\..\examples\OpenCL\rigidbody\GpuConvexScene.cpp(285): warning C4244: 'argument' : conversion from 'double' to 'b3Scalar', possible loss of data
c:\bnu\modules\co667 game engine development\merlin\libraries\bullet3-2.83.6\examples\thirdpartylibs\urdf\urdfdom_headers\urdf_model\include\urdf_model\color.h(76): warning C4244: 'argument' : conversion from 'double' to 'float', possible loss of data (..\..\examples\ThirdPartyLibs\urdf\urdfdom\urdf_parser\src\link.cpp)
c:\bnu\modules\co667 game engine development\merlin\libraries\bullet3-2.83.6\examples\thirdpartylibs\urdf\urdfdom_headers\urdf_model\include\urdf_model\color.h(78): warning C4101: 'e' : unreferenced local variable (..\..\examples\ThirdPartyLibs\urdf\urdfdom\urdf_parser\src\link.cpp)
..\..\examples\ThirdPartyLibs\urdf\urdfdom\urdf_parser\src\model.cpp(106): warning C4101: 'e' : unreferenced local variable
..\..\examples\ThirdPartyLibs\urdf\urdfdom\urdf_parser\src\model.cpp(163): warning C4101: 'e' : unreferenced local variable
..\..\examples\OpenCL\rigidbody\GpuRigidBodyDemo.cpp(82): warning C4316: 'GpuRigidBodyDemoInternalData' : object allocated on the heap may not be aligned 16
..\..\examples\OpenCL\rigidbody\GpuRigidBodyDemo.cpp(338): warning C4244: 'initializing' : conversion from 'int' to 'float', possible loss of data
..\..\examples\OpenCL\rigidbody\GpuRigidBodyDemo.cpp(339): warning C4244: 'initializing' : conversion from 'int' to 'float', possible loss of data
..\..\examples\OpenCL\rigidbody\GpuRigidBodyDemo.cpp(321): warning C4101: 'rightOffset' : unreferenced local variable
..\..\examples\OpenCL\rigidbody\GpuRigidBodyDemo.cpp(391): warning C4244: 'argument' : conversion from 'float' to 'int', possible loss of data
..\..\examples\OpenCL\rigidbody\GpuRigidBodyDemo.cpp(424): warning C4244: 'argument' : conversion from 'float' to 'int', possible loss of data
..\..\examples\ThirdPartyLibs\urdf\urdfdom\urdf_parser\src\link.cpp(133): warning C4101: 'e' : unreferenced local variable
..\..\examples\ThirdPartyLibs\urdf\urdfdom\urdf_parser\src\link.cpp(184): warning C4101: 'e' : unreferenced local variable
..\..\examples\ThirdPartyLibs\urdf\urdfdom\urdf_parser\src\link.cpp(197): warning C4101: 'e' : unreferenced local variable
..\..\examples\ThirdPartyLibs\urdf\urdfdom\urdf_parser\src\link.cpp(316): warning C4101: 'e' : unreferenced local variable
..\..\examples\ThirdPartyLibs\urdf\urdfdom\urdf_parser\src\link.cpp(348): warning C4101: 'e' : unreferenced local variable
C:\BNU\Modules\CO667 Game Engine Development\Merlin\libraries\bullet3-2.83.6\examples\ThirdPartyLibs\urdf/urdfdom_headers/urdf_model/include/urdf_model/pose.h(82): warning C4101: 'e' : unreferenced local variable (..\..\examples\ThirdPartyLibs\urdf\urdfdom\urdf_parser\src\joint.cpp)
c:\bnu\modules\co667 game engine development\merlin\libraries\bullet3-2.83.6\examples\thirdpartylibs\urdf\urdfdom_headers\urdf_model\include\urdf_model\color.h(76): warning C4244: 'argument' : conversion from 'double' to 'float', possible loss of data (..\..\examples\ThirdPartyLibs\urdf\urdfdom\urdf_parser\src\joint.cpp)
c:\bnu\modules\co667 game engine development\merlin\libraries\bullet3-2.83.6\examples\thirdpartylibs\urdf\urdfdom_headers\urdf_model\include\urdf_model\color.h(78): warning C4101: 'e' : unreferenced local variable (..\..\examples\ThirdPartyLibs\urdf\urdfdom\urdf_parser\src\joint.cpp)
..\..\examples\ThirdPartyLibs\urdf\urdfdom\urdf_parser\src\joint.cpp(107): warning C4244: 'argument' : conversion from 'double' to 'float', possible loss of data
  App_ExampleBrowser.vcxproj -> C:\BNU\Modules\CO667 Game Engine Development\Merlin\libraries\bullet3-2.83.6\build3\vs2010\..\..\bin\App_ExampleBrowser_vs2010_debug.exe
