c:\bnu\modules\co667 game engine development\merlin\libraries\bullet3-2.83.6\bin\convexdecomposition_vs2010_debug.pdb
c:\bnu\modules\co667 game engine development\merlin\libraries\bullet3-2.83.6\bin\convexdecomposition_vs2010_debug.lib
c:\bnu\modules\co667 game engine development\merlin\libraries\bullet3-2.83.6\build3\vs2010\obj\x32\debug\convexdecomposition\bestfit.obj
c:\bnu\modules\co667 game engine development\merlin\libraries\bullet3-2.83.6\build3\vs2010\obj\x32\debug\convexdecomposition\bestfitobb.obj
c:\bnu\modules\co667 game engine development\merlin\libraries\bullet3-2.83.6\build3\vs2010\obj\x32\debug\convexdecomposition\cd_hull.obj
c:\bnu\modules\co667 game engine development\merlin\libraries\bullet3-2.83.6\build3\vs2010\obj\x32\debug\convexdecomposition\cd_wavefront.obj
c:\bnu\modules\co667 game engine development\merlin\libraries\bullet3-2.83.6\build3\vs2010\obj\x32\debug\convexdecomposition\concavity.obj
c:\bnu\modules\co667 game engine development\merlin\libraries\bullet3-2.83.6\build3\vs2010\obj\x32\debug\convexdecomposition\convexbuilder.obj
c:\bnu\modules\co667 game engine development\merlin\libraries\bullet3-2.83.6\build3\vs2010\obj\x32\debug\convexdecomposition\convexdecomposition.obj
c:\bnu\modules\co667 game engine development\merlin\libraries\bullet3-2.83.6\build3\vs2010\obj\x32\debug\convexdecomposition\fitsphere.obj
c:\bnu\modules\co667 game engine development\merlin\libraries\bullet3-2.83.6\build3\vs2010\obj\x32\debug\convexdecomposition\float_math.obj
c:\bnu\modules\co667 game engine development\merlin\libraries\bullet3-2.83.6\build3\vs2010\obj\x32\debug\convexdecomposition\meshvolume.obj
c:\bnu\modules\co667 game engine development\merlin\libraries\bullet3-2.83.6\build3\vs2010\obj\x32\debug\convexdecomposition\planetri.obj
c:\bnu\modules\co667 game engine development\merlin\libraries\bullet3-2.83.6\build3\vs2010\obj\x32\debug\convexdecomposition\raytri.obj
c:\bnu\modules\co667 game engine development\merlin\libraries\bullet3-2.83.6\build3\vs2010\obj\x32\debug\convexdecomposition\splitplane.obj
c:\bnu\modules\co667 game engine development\merlin\libraries\bullet3-2.83.6\build3\vs2010\obj\x32\debug\convexdecomposition\vlookup.obj
c:\bnu\modules\co667 game engine development\merlin\libraries\bullet3-2.83.6\build3\vs2010\..\..\bin\convexdecomposition_vs2010_debug.lib
c:\bnu\modules\co667 game engine development\merlin\libraries\bullet3-2.83.6\build3\vs2010\obj\x32\debug\convexdecomposition\convexde.88c20ba9.tlog\cl.command.1.tlog
c:\bnu\modules\co667 game engine development\merlin\libraries\bullet3-2.83.6\build3\vs2010\obj\x32\debug\convexdecomposition\convexde.88c20ba9.tlog\cl.read.1.tlog
c:\bnu\modules\co667 game engine development\merlin\libraries\bullet3-2.83.6\build3\vs2010\obj\x32\debug\convexdecomposition\convexde.88c20ba9.tlog\cl.write.1.tlog
c:\bnu\modules\co667 game engine development\merlin\libraries\bullet3-2.83.6\build3\vs2010\obj\x32\debug\convexdecomposition\convexde.88c20ba9.tlog\lib-link.read.1.tlog
c:\bnu\modules\co667 game engine development\merlin\libraries\bullet3-2.83.6\build3\vs2010\obj\x32\debug\convexdecomposition\convexde.88c20ba9.tlog\lib-link.write.1.tlog
c:\bnu\modules\co667 game engine development\merlin\libraries\bullet3-2.83.6\build3\vs2010\obj\x32\debug\convexdecomposition\convexde.88c20ba9.tlog\lib.command.1.tlog
