  glew.c
  fontstash.cpp
  GLInstancingRenderer.cpp
  GLPrimitiveRenderer.cpp
  GLRenderToTexture.cpp
  LoadShader.cpp
  opengl_fontstashcallbacks.cpp
  OpenSans.cpp
  SimpleCamera.cpp
..\..\examples\OpenGLWindow\GLPrimitiveRenderer.cpp(315): warning C4800: 'int' : forcing value to bool 'true' or 'false' (performance warning)
  SimpleOpenGL2App.cpp
c:\bnu\modules\co667 game engine development\merlin\libraries\bullet3-2.83.6\examples\openglwindow\stb_image_write.h(156): warning C4996: 'fopen': This function or variable may be unsafe. Consider using fopen_s instead. To disable deprecation, use _CRT_SECURE_NO_WARNINGS. See online help for details. (..\..\examples\OpenGLWindow\opengl_fontstashcallbacks.cpp)
          C:\Program Files (x86)\Microsoft Visual Studio 12.0\VC\include\stdio.h(211) : see declaration of 'fopen'
c:\bnu\modules\co667 game engine development\merlin\libraries\bullet3-2.83.6\examples\openglwindow\stb_image_write.h(495): warning C4996: 'fopen': This function or variable may be unsafe. Consider using fopen_s instead. To disable deprecation, use _CRT_SECURE_NO_WARNINGS. See online help for details. (..\..\examples\OpenGLWindow\opengl_fontstashcallbacks.cpp)
          C:\Program Files (x86)\Microsoft Visual Studio 12.0\VC\include\stdio.h(211) : see declaration of 'fopen'
  SimpleOpenGL2Renderer.cpp
  SimpleOpenGL3App.cpp
  TwFonts.cpp
  Win32OpenGLWindow.cpp
..\..\examples\OpenGLWindow\SimpleCamera.cpp(42): warning C4316: 'SimpleCameraInternalData' : object allocated on the heap may not be aligned 16
..\..\examples\OpenGLWindow\fontstash.cpp(225): warning C4996: 'fopen': This function or variable may be unsafe. Consider using fopen_s instead. To disable deprecation, use _CRT_SECURE_NO_WARNINGS. See online help for details.
          C:\Program Files (x86)\Microsoft Visual Studio 12.0\VC\include\stdio.h(211) : see declaration of 'fopen'
  Win32Window.cpp
..\..\examples\OpenGLWindow\SimpleOpenGL3App.cpp(729): warning C4996: 'sprintf': This function or variable may be unsafe. Consider using sprintf_s instead. To disable deprecation, use _CRT_SECURE_NO_WARNINGS. See online help for details.
          C:\Program Files (x86)\Microsoft Visual Studio 12.0\VC\include\stdio.h(356) : see declaration of 'sprintf'
..\..\examples\OpenGLWindow\SimpleOpenGL3App.cpp(775): warning C4244: 'argument' : conversion from 'float' to 'GLsizei', possible loss of data
..\..\examples\OpenGLWindow\SimpleOpenGL3App.cpp(782): warning C4244: 'argument' : conversion from 'float' to 'int', possible loss of data
..\..\examples\OpenGLWindow\Win32Window.cpp(272): warning C4244: 'argument' : conversion from 'int' to 'float', possible loss of data
..\..\examples\OpenGLWindow\Win32Window.cpp(286): warning C4244: 'argument' : conversion from 'int' to 'float', possible loss of data
..\..\examples\OpenGLWindow\Win32Window.cpp(302): warning C4244: 'argument' : conversion from 'int' to 'float', possible loss of data
..\..\examples\OpenGLWindow\Win32Window.cpp(319): warning C4244: 'argument' : conversion from 'int' to 'float', possible loss of data
..\..\examples\OpenGLWindow\Win32Window.cpp(357): warning C4244: 'argument' : conversion from 'int' to 'float', possible loss of data
..\..\examples\OpenGLWindow\Win32Window.cpp(368): warning C4244: 'argument' : conversion from 'int' to 'float', possible loss of data
..\..\examples\OpenGLWindow\Win32Window.cpp(379): warning C4244: 'argument' : conversion from 'int' to 'float', possible loss of data
..\..\examples\OpenGLWindow\Win32Window.cpp(411): warning C4244: 'argument' : conversion from 'int' to 'float', possible loss of data
..\..\examples\OpenGLWindow\Win32Window.cpp(778): warning C4244: 'argument' : conversion from 'int' to 'float', possible loss of data
  OpenGL_Window.vcxproj -> C:\BNU\Modules\CO667 Game Engine Development\Merlin\libraries\bullet3-2.83.6\build3\vs2010\..\..\bin\OpenGL_Window_vs2010_debug.lib
