c:\bnu\modules\co667 game engine development\merlin\libraries\bullet3-2.83.6\bin\opengl_window_vs2010_debug.pdb
c:\bnu\modules\co667 game engine development\merlin\libraries\bullet3-2.83.6\build3\vs2010\obj\x32\debug\opengl_window\glew.obj
c:\bnu\modules\co667 game engine development\merlin\libraries\bullet3-2.83.6\build3\vs2010\obj\x32\debug\opengl_window\glprimitiverenderer.obj
c:\bnu\modules\co667 game engine development\merlin\libraries\bullet3-2.83.6\build3\vs2010\obj\x32\debug\opengl_window\simpleopengl2app.obj
c:\bnu\modules\co667 game engine development\merlin\libraries\bullet3-2.83.6\build3\vs2010\obj\x32\debug\opengl_window\opensans.obj
c:\bnu\modules\co667 game engine development\merlin\libraries\bullet3-2.83.6\build3\vs2010\obj\x32\debug\opengl_window\simpleopengl3app.obj
c:\bnu\modules\co667 game engine development\merlin\libraries\bullet3-2.83.6\build3\vs2010\obj\x32\debug\opengl_window\glrendertotexture.obj
c:\bnu\modules\co667 game engine development\merlin\libraries\bullet3-2.83.6\build3\vs2010\obj\x32\debug\opengl_window\win32window.obj
c:\bnu\modules\co667 game engine development\merlin\libraries\bullet3-2.83.6\build3\vs2010\obj\x32\debug\opengl_window\glinstancingrenderer.obj
c:\bnu\modules\co667 game engine development\merlin\libraries\bullet3-2.83.6\build3\vs2010\obj\x32\debug\opengl_window\fontstash.obj
c:\bnu\modules\co667 game engine development\merlin\libraries\bullet3-2.83.6\build3\vs2010\obj\x32\debug\opengl_window\opengl_fontstashcallbacks.obj
c:\bnu\modules\co667 game engine development\merlin\libraries\bullet3-2.83.6\build3\vs2010\obj\x32\debug\opengl_window\simplecamera.obj
c:\bnu\modules\co667 game engine development\merlin\libraries\bullet3-2.83.6\build3\vs2010\obj\x32\debug\opengl_window\twfonts.obj
c:\bnu\modules\co667 game engine development\merlin\libraries\bullet3-2.83.6\build3\vs2010\obj\x32\debug\opengl_window\loadshader.obj
c:\bnu\modules\co667 game engine development\merlin\libraries\bullet3-2.83.6\build3\vs2010\obj\x32\debug\opengl_window\simpleopengl2renderer.obj
c:\bnu\modules\co667 game engine development\merlin\libraries\bullet3-2.83.6\build3\vs2010\obj\x32\debug\opengl_window\win32openglwindow.obj
c:\bnu\modules\co667 game engine development\merlin\libraries\bullet3-2.83.6\bin\opengl_window_vs2010_debug.lib
c:\bnu\modules\co667 game engine development\merlin\libraries\bullet3-2.83.6\build3\vs2010\..\..\bin\opengl_window_vs2010_debug.lib
c:\bnu\modules\co667 game engine development\merlin\libraries\bullet3-2.83.6\build3\vs2010\obj\x32\debug\opengl_window\opengl_window.tlog\cl.command.1.tlog
c:\bnu\modules\co667 game engine development\merlin\libraries\bullet3-2.83.6\build3\vs2010\obj\x32\debug\opengl_window\opengl_window.tlog\cl.read.1.tlog
c:\bnu\modules\co667 game engine development\merlin\libraries\bullet3-2.83.6\build3\vs2010\obj\x32\debug\opengl_window\opengl_window.tlog\cl.write.1.tlog
c:\bnu\modules\co667 game engine development\merlin\libraries\bullet3-2.83.6\build3\vs2010\obj\x32\debug\opengl_window\opengl_window.tlog\lib-link.read.1.tlog
c:\bnu\modules\co667 game engine development\merlin\libraries\bullet3-2.83.6\build3\vs2010\obj\x32\debug\opengl_window\opengl_window.tlog\lib-link.write.1.tlog
c:\bnu\modules\co667 game engine development\merlin\libraries\bullet3-2.83.6\build3\vs2010\obj\x32\debug\opengl_window\opengl_window.tlog\lib.command.1.tlog
